<?xml version="1.0" encoding="UTF-8"?>
<coverage generated="1784468069762" clover="3.2.0">
  <project timestamp="1784468069763" name="All files">
    <metrics statements="512" coveredstatements="445" conditionals="274" coveredconditionals="205" methods="153" coveredmethods="140" elements="939" coveredelements="790" complexity="0" loc="512" ncloc="512" packages="14" files="34" classes="34"/>
    <package name="core">
      <metrics statements="7" coveredstatements="0" conditionals="0" coveredconditionals="0" methods="0" coveredmethods="0"/>
      <file name="index.ts" path="C:\Users\USER\Desktop\Final Year Research\project\backend\src\core\index.ts">
        <metrics statements="7" coveredstatements="0" conditionals="0" coveredconditionals="0" methods="0" coveredmethods="0"/>
        <line num="1" count="0" type="stmt"/>
        <line num="2" count="0" type="stmt"/>
        <line num="3" count="0" type="stmt"/>
        <line num="4" count="0" type="stmt"/>
        <line num="5" count="0" type="stmt"/>
        <line num="6" count="0" type="stmt"/>
        <line num="7" count="0" type="stmt"/>
      </file>
    </package>
    <package name="core.algorithms">
      <metrics statements="13" coveredstatements="13" conditionals="0" coveredconditionals="0" methods="16" coveredmethods="16"/>
      <file name="index.ts" path="C:\Users\USER\Desktop\Final Year Research\project\backend\src\core\algorithms\index.ts">
        <metrics statements="13" coveredstatements="13" conditionals="0" coveredconditionals="0" methods="16" coveredmethods="16"/>
        <line num="1" count="3" type="stmt"/>
        <line num="3" count="4" type="stmt"/>
        <line num="5" count="41" type="stmt"/>
        <line num="11" count="5" type="stmt"/>
        <line num="12" count="3" type="stmt"/>
        <line num="13" count="3" type="stmt"/>
        <line num="15" count="5" type="stmt"/>
        <line num="17" count="7" type="stmt"/>
        <line num="18" count="3" type="stmt"/>
        <line num="19" count="3" type="stmt"/>
        <line num="21" count="4" type="stmt"/>
        <line num="22" count="8" type="stmt"/>
        <line num="24" count="8" type="stmt"/>
      </file>
    </package>
    <package name="core.algorithms.adaptation">
      <metrics statements="14" coveredstatements="14" conditionals="4" coveredconditionals="2" methods="3" coveredmethods="3"/>
      <file name="weight-adaptation.ts" path="C:\Users\USER\Desktop\Final Year Research\project\backend\src\core\algorithms\adaptation\weight-adaptation.ts">
        <metrics statements="14" coveredstatements="14" conditionals="4" coveredconditionals="2" methods="3" coveredmethods="3"/>
        <line num="1" count="2" type="stmt"/>
        <line num="2" count="2" type="stmt"/>
        <line num="6" count="2" type="stmt"/>
        <line num="12" count="1" type="stmt"/>
        <line num="19" count="1" type="cond" truecount="1" falsecount="1"/>
        <line num="22" count="1" type="stmt"/>
        <line num="23" count="1" type="stmt"/>
        <line num="24" count="4" type="stmt"/>
        <line num="26" count="3" type="stmt"/>
        <line num="28" count="1" type="stmt"/>
        <line num="29" count="3" type="stmt"/>
        <line num="35" count="1" type="stmt"/>
        <line num="37" count="1" type="stmt"/>
        <line num="43" count="1" type="stmt"/>
      </file>
    </package>
    <package name="core.algorithms.assignment">
      <metrics statements="136" coveredstatements="108" conditionals="63" coveredconditionals="44" methods="20" coveredmethods="17"/>
      <file name="assignment-lifecycle.ts" path="C:\Users\USER\Desktop\Final Year Research\project\backend\src\core\algorithms\assignment\assignment-lifecycle.ts">
        <metrics statements="19" coveredstatements="15" conditionals="11" coveredconditionals="7" methods="6" coveredmethods="5"/>
        <line num="2" count="2" type="stmt"/>
        <line num="3" count="2" type="stmt"/>
        <line num="10" count="2" type="stmt"/>
        <line num="11" count="2" type="cond" truecount="1" falsecount="0"/>
        <line num="14" count="0" type="stmt"/>
        <line num="15" count="0" type="stmt"/>
        <line num="23" count="1" type="stmt"/>
        <line num="24" count="1" type="stmt"/>
        <line num="25" count="1" type="stmt"/>
        <line num="27" count="1" type="stmt"/>
        <line num="31" count="1" type="cond" truecount="1" falsecount="1"/>
        <line num="32" count="0" type="stmt"/>
        <line num="35" count="1" type="stmt"/>
        <line num="36" count="1" type="cond" truecount="1" falsecount="1"/>
        <line num="40" count="1" type="cond" truecount="3" falsecount="1"/>
        <line num="41" count="0" type="stmt"/>
        <line num="44" count="1" type="stmt"/>
        <line num="46" count="1" type="cond" truecount="1" falsecount="1"/>
        <line num="47" count="1" type="stmt"/>
      </file>
      <file name="greedy-assignment.engine.ts" path="C:\Users\USER\Desktop\Final Year Research\project\backend\src\core\algorithms\assignment\greedy-assignment.engine.ts">
        <metrics statements="117" coveredstatements="93" conditionals="52" coveredconditionals="37" methods="14" coveredmethods="12"/>
        <line num="1" count="2" type="stmt"/>
        <line num="2" count="2" type="stmt"/>
        <line num="10" count="2" type="stmt"/>
        <line num="11" count="2" type="stmt"/>
        <line num="12" count="2" type="stmt"/>
        <line num="13" count="2" type="stmt"/>
        <line num="14" count="2" type="stmt"/>
        <line num="57" count="2" type="stmt"/>
        <line num="59" count="40" type="cond" truecount="1" falsecount="0"/>
        <line num="60" count="40" type="cond" truecount="1" falsecount="0"/>
        <line num="61" count="40" type="cond" truecount="1" falsecount="0"/>
        <line num="74" count="40" type="stmt"/>
        <line num="75" count="40" type="stmt"/>
        <line num="76" count="40" type="stmt"/>
        <line num="77" count="40" type="stmt"/>
        <line num="78" count="40" type="stmt"/>
        <line num="86" count="40" type="cond" truecount="1" falsecount="1"/>
        <line num="87" count="40" type="cond" truecount="2" falsecount="0"/>
        <line num="89" count="40" type="stmt"/>
        <line num="91" count="543" type="stmt"/>
        <line num="92" count="543" type="stmt"/>
        <line num="93" count="543" type="cond" truecount="1" falsecount="1"/>
        <line num="100" count="543" type="stmt"/>
        <line num="102" count="543" type="stmt"/>
        <line num="103" count="2652" type="cond" truecount="2" falsecount="0"/>
        <line num="104" count="3" type="stmt"/>
        <line num="107" count="2649" type="stmt"/>
        <line num="108" count="2649" type="stmt"/>
        <line num="109" count="2649" type="cond" truecount="1" falsecount="1"/>
        <line num="110" count="0" type="stmt"/>
        <line num="112" count="2649" type="stmt"/>
        <line num="115" count="543" type="cond" truecount="2" falsecount="0"/>
        <line num="116" count="2" type="stmt"/>
        <line num="119" count="541" type="stmt"/>
        <line num="122" count="2113" type="stmt"/>
        <line num="123" count="541" type="stmt"/>
        <line num="125" count="541" type="stmt"/>
        <line num="126" count="2637" type="stmt"/>
        <line num="130" count="2637" type="cond" truecount="1" falsecount="1"/>
        <line num="131" count="0" type="stmt"/>
        <line num="132" count="0" type="cond" truecount="0" falsecount="2"/>
        <line num="133" count="0" type="stmt"/>
        <line num="139" count="40" type="stmt"/>
        <line num="140" count="4216" type="stmt"/>
        <line num="142" count="4216" type="cond" truecount="1" falsecount="1"/>
        <line num="143" count="0" type="stmt"/>
        <line num="146" count="4216" type="stmt"/>
        <line num="148" count="4216" type="cond" truecount="4" falsecount="0"/>
        <line num="149" count="2378" type="stmt"/>
        <line num="152" count="1838" type="stmt"/>
        <line num="159" count="1838" type="cond" truecount="2" falsecount="0"/>
        <line num="160" count="1579" type="stmt"/>
        <line num="161" count="1579" type="stmt"/>
        <line num="166" count="259" type="stmt"/>
        <line num="167" count="259" type="stmt"/>
        <line num="168" count="259" type="stmt"/>
        <line num="169" count="259" type="stmt"/>
        <line num="177" count="40" type="cond" truecount="2" falsecount="0"/>
        <line num="178" count="3" type="stmt"/>
        <line num="188" count="40" type="stmt"/>
        <line num="189" count="543" type="stmt"/>
        <line num="191" count="280" type="stmt"/>
        <line num="202" count="40" type="stmt"/>
        <line num="218" count="3" type="stmt"/>
        <line num="219" count="15" type="cond" truecount="2" falsecount="0"/>
        <line num="220" count="11" type="stmt"/>
        <line num="223" count="4" type="stmt"/>
        <line num="224" count="4" type="cond" truecount="1" falsecount="1"/>
        <line num="226" count="4" type="stmt"/>
        <line num="227" count="4" type="stmt"/>
        <line num="229" count="4" type="stmt"/>
        <line num="230" count="11" type="cond" truecount="2" falsecount="0"/>
        <line num="231" count="4" type="stmt"/>
        <line num="233" count="7" type="stmt"/>
        <line num="234" count="7" type="stmt"/>
        <line num="235" count="7" type="stmt"/>
        <line num="236" count="7" type="stmt"/>
        <line num="237" count="7" type="cond" truecount="4" falsecount="0"/>
        <line num="238" count="5" type="stmt"/>
        <line num="242" count="4" type="cond" truecount="1" falsecount="1"/>
        <line num="243" count="4" type="stmt"/>
        <line num="244" count="4" type="stmt"/>
        <line num="245" count="4" type="stmt"/>
        <line num="246" count="4" type="stmt"/>
        <line num="252" count="1" type="stmt"/>
        <line num="254" count="1" type="cond" truecount="2" falsecount="0"/>
        <line num="262" count="263" type="stmt"/>
        <line num="272" count="281" type="stmt"/>
        <line num="284" count="1" type="stmt"/>
        <line num="288" count="0" type="stmt"/>
        <line num="289" count="0" type="stmt"/>
        <line num="290" count="0" type="stmt"/>
        <line num="291" count="0" type="stmt"/>
        <line num="292" count="0" type="cond" truecount="0" falsecount="2"/>
        <line num="293" count="0" type="stmt"/>
        <line num="295" count="0" type="stmt"/>
        <line num="298" count="0" type="stmt"/>
        <line num="302" count="0" type="stmt"/>
        <line num="303" count="0" type="stmt"/>
        <line num="304" count="0" type="stmt"/>
        <line num="305" count="0" type="stmt"/>
        <line num="306" count="0" type="stmt"/>
        <line num="307" count="0" type="cond" truecount="0" falsecount="2"/>
        <line num="308" count="0" type="stmt"/>
        <line num="309" count="0" type="cond" truecount="0" falsecount="2"/>
        <line num="310" count="0" type="stmt"/>
        <line num="311" count="0" type="stmt"/>
        <line num="316" count="0" type="stmt"/>
        <line num="325" count="4482" type="stmt"/>
        <line num="326" count="4482" type="stmt"/>
        <line num="327" count="4482" type="stmt"/>
        <line num="329" count="4482" type="stmt"/>
        <line num="333" count="4482" type="stmt"/>
        <line num="335" count="4482" type="stmt"/>
        <line num="336" count="100617" type="stmt"/>
        <line num="337" count="100617" type="stmt"/>
        <line num="340" count="4482" type="stmt"/>
      </file>
    </package>
    <package name="core.algorithms.feedback">
      <metrics statements="7" coveredstatements="6" conditionals="7" coveredconditionals="6" methods="1" coveredmethods="1"/>
      <file name="feedback-updater.ts" path="C:\Users\USER\Desktop\Final Year Research\project\backend\src\core\algorithms\feedback\feedback-updater.ts">
        <metrics statements="7" coveredstatements="6" conditionals="7" coveredconditionals="6" methods="1" coveredmethods="1"/>
        <line num="1" count="2" type="stmt"/>
        <line num="3" count="2" type="stmt"/>
        <line num="5" count="1" type="cond" truecount="4" falsecount="1"/>
        <line num="6" count="0" type="stmt"/>
        <line num="9" count="1" type="cond" truecount="2" falsecount="0"/>
        <line num="10" count="1" type="stmt"/>
        <line num="12" count="1" type="stmt"/>
      </file>
    </package>
    <package name="core.algorithms.filters">
      <metrics statements="25" coveredstatements="21" conditionals="24" coveredconditionals="20" methods="11" coveredmethods="9"/>
      <file name="eligibility.filter.ts" path="C:\Users\USER\Desktop\Final Year Research\project\backend\src\core\algorithms\filters\eligibility.filter.ts">
        <metrics statements="25" coveredstatements="21" conditionals="24" coveredconditionals="20" methods="11" coveredmethods="9"/>
        <line num="8" count="2" type="stmt"/>
        <line num="10" count="5" type="cond" truecount="2" falsecount="0"/>
        <line num="11" count="1" type="stmt"/>
        <line num="13" count="4" type="cond" truecount="2" falsecount="0"/>
        <line num="14" count="1" type="stmt"/>
        <line num="16" count="3" type="cond" truecount="2" falsecount="0"/>
        <line num="17" count="1" type="stmt"/>
        <line num="19" count="2" type="cond" truecount="1" falsecount="1"/>
        <line num="20" count="0" type="stmt"/>
        <line num="22" count="2" type="stmt"/>
        <line num="26" count="2693" type="stmt"/>
        <line num="35" count="2698" type="cond" truecount="1" falsecount="1"/>
        <line num="36" count="2698" type="stmt"/>
        <line num="37" count="2699" type="stmt"/>
        <line num="42" count="2695" type="cond" truecount="3" falsecount="1"/>
        <line num="43" count="0" type="stmt"/>
        <line num="45" count="2695" type="stmt"/>
        <line num="50" count="2693" type="cond" truecount="2" falsecount="0"/>
        <line num="51" count="1" type="stmt"/>
        <line num="53" count="2692" type="cond" truecount="1" falsecount="1"/>
        <line num="54" count="0" type="stmt"/>
        <line num="56" count="2692" type="stmt"/>
        <line num="57" count="2692" type="stmt"/>
        <line num="62" count="6204" type="cond" truecount="2" falsecount="0"/>
        <line num="67" count="0" type="stmt"/>
      </file>
    </package>
    <package name="core.algorithms.ranking">
      <metrics statements="28" coveredstatements="15" conditionals="28" coveredconditionals="10" methods="7" coveredmethods="4"/>
      <file name="top-k-ranker.ts" path="C:\Users\USER\Desktop\Final Year Research\project\backend\src\core\algorithms\ranking\top-k-ranker.ts">
        <metrics statements="28" coveredstatements="15" conditionals="28" coveredconditionals="10" methods="7" coveredmethods="4"/>
        <line num="2" count="2" type="stmt"/>
        <line num="3" count="2" type="stmt"/>
        <line num="11" count="2" type="stmt"/>
        <line num="13" count="1" type="cond" truecount="1" falsecount="0"/>
        <line num="14" count="1" type="cond" truecount="1" falsecount="0"/>
        <line num="18" count="1" type="cond" truecount="1" falsecount="1"/>
        <line num="19" count="0" type="stmt"/>
        <line num="22" count="1" type="stmt"/>
        <line num="23" count="2" type="stmt"/>
        <line num="29" count="1" type="cond" truecount="3" falsecount="1"/>
        <line num="30" count="1" type="cond" truecount="2" falsecount="2"/>
        <line num="32" count="1" type="stmt"/>
        <line num="34" count="1" type="cond" truecount="1" falsecount="1"/>
        <line num="35" count="0" type="stmt"/>
        <line num="38" count="1" type="stmt"/>
        <line num="40" count="1" type="cond" truecount="1" falsecount="1"/>
        <line num="41" count="0" type="stmt"/>
        <line num="44" count="1" type="stmt"/>
        <line num="50" count="0" type="cond" truecount="0" falsecount="2"/>
        <line num="51" count="0" type="stmt"/>
        <line num="54" count="0" type="stmt"/>
        <line num="55" count="0" type="stmt"/>
        <line num="61" count="0" type="cond" truecount="0" falsecount="4"/>
        <line num="62" count="0" type="cond" truecount="0" falsecount="4"/>
        <line num="64" count="0" type="stmt"/>
        <line num="66" count="0" type="cond" truecount="0" falsecount="2"/>
        <line num="67" count="0" type="stmt"/>
        <line num="70" count="0" type="stmt"/>
      </file>
    </package>
    <package name="core.algorithms.scorers">
      <metrics statements="96" coveredstatements="91" conditionals="58" coveredconditionals="47" methods="28" coveredmethods="27"/>
      <file name="academic.scorer.ts" path="C:\Users\USER\Desktop\Final Year Research\project\backend\src\core\algorithms\scorers\academic.scorer.ts">
        <metrics statements="25" coveredstatements="23" conditionals="18" coveredconditionals="14" methods="9" coveredmethods="9"/>
        <line num="1" count="2" type="stmt"/>
        <line num="17" count="2" type="stmt"/>
        <line num="21" count="2687" type="stmt"/>
        <line num="22" count="2687" type="stmt"/>
        <line num="23" count="2687" type="stmt"/>
        <line num="25" count="2687" type="stmt"/>
        <line num="38" count="2691" type="cond" truecount="4" falsecount="0"/>
        <line num="39" count="2" type="stmt"/>
        <line num="42" count="2689" type="stmt"/>
        <line num="43" count="2689" type="stmt"/>
        <line num="46" count="2689" type="cond" truecount="2" falsecount="0"/>
        <line num="50" count="2687" type="cond" truecount="1" falsecount="1"/>
        <line num="51" count="2687" type="stmt"/>
        <line num="52" count="2687" type="stmt"/>
        <line num="54" count="2687" type="cond" truecount="1" falsecount="1"/>
        <line num="55" count="0" type="stmt"/>
        <line num="58" count="2687" type="cond" truecount="3" falsecount="1"/>
        <line num="59" count="0" type="stmt"/>
        <line num="62" count="2687" type="cond" truecount="1" falsecount="1"/>
        <line num="66" count="2687" type="stmt"/>
        <line num="68" count="2687" type="stmt"/>
        <line num="72" count="2687" type="stmt"/>
        <line num="76" count="2688" type="stmt"/>
        <line num="77" count="2688" type="cond" truecount="2" falsecount="0"/>
        <line num="79" count="2688" type="stmt"/>
      </file>
      <file name="composite.scorer.ts" path="C:\Users\USER\Desktop\Final Year Research\project\backend\src\core\algorithms\scorers\composite.scorer.ts">
        <metrics statements="24" coveredstatements="22" conditionals="8" coveredconditionals="6" methods="6" coveredmethods="5"/>
        <line num="1" count="2" type="stmt"/>
        <line num="8" count="2" type="stmt"/>
        <line num="9" count="2" type="stmt"/>
        <line num="10" count="2" type="stmt"/>
        <line num="11" count="2" type="stmt"/>
        <line num="13" count="2" type="stmt"/>
        <line num="15" count="46" type="cond" truecount="1" falsecount="0"/>
        <line num="16" count="46" type="cond" truecount="1" falsecount="0"/>
        <line num="17" count="46" type="cond" truecount="1" falsecount="0"/>
        <line num="18" count="46" type="cond" truecount="1" falsecount="0"/>
        <line num="24" count="563" type="stmt"/>
        <line num="30" count="2684" type="cond" truecount="2" falsecount="0"/>
        <line num="31" count="2684" type="stmt"/>
        <line num="32" count="2684" type="stmt"/>
        <line num="33" count="2684" type="stmt"/>
        <line num="34" count="2684" type="stmt"/>
        <line num="36" count="2684" type="stmt"/>
        <line num="41" count="2684" type="stmt"/>
        <line num="61" count="0" type="cond" truecount="0" falsecount="2"/>
        <line num="62" count="0" type="stmt"/>
        <line num="70" count="2675" type="stmt"/>
        <line num="86" count="263" type="stmt"/>
        <line num="88" count="263" type="stmt"/>
        <line num="93" count="263" type="stmt"/>
      </file>
      <file name="fairness.scorer.ts" path="C:\Users\USER\Desktop\Final Year Research\project\backend\src\core\algorithms\scorers\fairness.scorer.ts">
        <metrics statements="6" coveredstatements="6" conditionals="6" coveredconditionals="6" methods="1" coveredmethods="1"/>
        <line num="3" count="2" type="stmt"/>
        <line num="5" count="7440" type="cond" truecount="4" falsecount="0"/>
        <line num="6" count="4" type="stmt"/>
        <line num="9" count="7436" type="stmt"/>
        <line num="10" count="7436" type="cond" truecount="2" falsecount="0"/>
        <line num="13" count="7436" type="stmt"/>
      </file>
      <file name="preference.scorer.ts" path="C:\Users\USER\Desktop\Final Year Research\project\backend\src\core\algorithms\scorers\preference.scorer.ts">
        <metrics statements="29" coveredstatements="28" conditionals="22" coveredconditionals="18" methods="8" coveredmethods="8"/>
        <line num="1" count="2" type="stmt"/>
        <line num="3" count="2" type="stmt"/>
        <line num="12" count="2" type="stmt"/>
        <line num="18" count="2686" type="stmt"/>
        <line num="19" count="2686" type="stmt"/>
        <line num="20" count="2686" type="stmt"/>
        <line num="22" count="2686" type="stmt"/>
        <line num="34" count="2689" type="stmt"/>
        <line num="41" count="2693" type="stmt"/>
        <line num="42" count="2693" type="stmt"/>
        <line num="44" count="2693" type="cond" truecount="2" falsecount="0"/>
        <line num="45" count="2668" type="stmt"/>
        <line num="48" count="25" type="cond" truecount="2" falsecount="0"/>
        <line num="49" count="1" type="cond" truecount="1" falsecount="1"/>
        <line num="52" count="24" type="stmt"/>
        <line num="56" count="5386" type="cond" truecount="1" falsecount="1"/>
        <line num="57" count="5386" type="cond" truecount="1" falsecount="1"/>
        <line num="61" count="2690" type="cond" truecount="2" falsecount="0"/>
        <line num="62" count="2686" type="stmt"/>
        <line num="65" count="4" type="cond" truecount="4" falsecount="0"/>
        <line num="66" count="1" type="stmt"/>
        <line num="69" count="3" type="cond" truecount="2" falsecount="0"/>
        <line num="75" count="2689" type="stmt"/>
        <line num="83" count="2689" type="stmt"/>
        <line num="91" count="2689" type="cond" truecount="2" falsecount="0"/>
        <line num="92" count="2" type="stmt"/>
        <line num="95" count="2687" type="cond" truecount="1" falsecount="1"/>
        <line num="96" count="2687" type="stmt"/>
        <line num="99" count="0" type="stmt"/>
      </file>
      <file name="schedule.scorer.ts" path="C:\Users\USER\Desktop\Final Year Research\project\backend\src\core\algorithms\scorers\schedule.scorer.ts">
        <metrics statements="12" coveredstatements="12" conditionals="4" coveredconditionals="3" methods="4" coveredmethods="4"/>
        <line num="2" count="2" type="stmt"/>
        <line num="4" count="2" type="stmt"/>
        <line num="6" count="2687" type="stmt"/>
        <line num="7" count="2686" type="stmt"/>
        <line num="11" count="2687" type="cond" truecount="2" falsecount="0"/>
        <line num="12" count="1" type="stmt"/>
        <line num="19" count="2686" type="stmt"/>
        <line num="21" count="2686" type="stmt"/>
        <line num="22" count="2687" type="stmt"/>
        <line num="23" count="2687" type="cond" truecount="1" falsecount="1"/>
        <line num="27" count="2686" type="stmt"/>
        <line num="32" count="2686" type="stmt"/>
      </file>
    </package>
    <package name="core.algorithms.utils">
      <metrics statements="48" coveredstatements="48" conditionals="26" coveredconditionals="25" methods="13" coveredmethods="13"/>
      <file name="max-heap.ts" path="C:\Users\USER\Desktop\Final Year Research\project\backend\src\core\algorithms\utils\max-heap.ts">
        <metrics statements="36" coveredstatements="36" conditionals="18" coveredconditionals="18" methods="6" coveredmethods="6"/>
        <line num="7" count="2" type="stmt"/>
        <line num="8" count="46" type="stmt"/>
        <line num="11" count="4278" type="stmt"/>
        <line num="15" count="4236" type="stmt"/>
        <line num="16" count="4236" type="stmt"/>
        <line num="20" count="4238" type="cond" truecount="2" falsecount="0"/>
        <line num="21" count="2" type="stmt"/>
        <line num="24" count="4236" type="stmt"/>
        <line num="25" count="4236" type="stmt"/>
        <line num="27" count="4236" type="cond" truecount="4" falsecount="0"/>
        <line num="28" count="4192" type="stmt"/>
        <line num="29" count="4192" type="stmt"/>
        <line num="32" count="4236" type="stmt"/>
        <line num="36" count="4236" type="stmt"/>
        <line num="38" count="4236" type="stmt"/>
        <line num="39" count="7006" type="stmt"/>
        <line num="41" count="7006" type="cond" truecount="2" falsecount="0"/>
        <line num="42" count="3991" type="stmt"/>
        <line num="45" count="3015" type="stmt"/>
        <line num="46" count="3015" type="stmt"/>
        <line num="51" count="4192" type="stmt"/>
        <line num="53" count="4192" type="stmt"/>
        <line num="54" count="22331" type="stmt"/>
        <line num="55" count="22331" type="stmt"/>
        <line num="56" count="22331" type="stmt"/>
        <line num="58" count="22331" type="cond" truecount="2" falsecount="0"/>
        <line num="62" count="17564" type="stmt"/>
        <line num="65" count="22331" type="cond" truecount="2" falsecount="0"/>
        <line num="69" count="8468" type="stmt"/>
        <line num="72" count="22331" type="cond" truecount="2" falsecount="0"/>
        <line num="73" count="4192" type="stmt"/>
        <line num="76" count="18139" type="stmt"/>
        <line num="77" count="18139" type="stmt"/>
        <line num="82" count="21154" type="stmt"/>
        <line num="83" count="21154" type="stmt"/>
        <line num="84" count="21154" type="stmt"/>
      </file>
      <file name="vector-math.ts" path="C:\Users\USER\Desktop\Final Year Research\project\backend\src\core\algorithms\utils\vector-math.ts">
        <metrics statements="12" coveredstatements="12" conditionals="8" coveredconditionals="7" methods="7" coveredmethods="7"/>
        <line num="1" count="2" type="stmt"/>
        <line num="2" count="18836" type="cond" truecount="1" falsecount="1"/>
        <line num="5" count="2" type="stmt"/>
        <line num="6" count="37683" type="stmt"/>
        <line num="9" count="2" type="stmt"/>
        <line num="10" count="2695" type="stmt"/>
        <line num="11" count="2695" type="stmt"/>
        <line num="13" count="2695" type="cond" truecount="4" falsecount="0"/>
        <line num="14" count="3" type="stmt"/>
        <line num="17" count="2692" type="stmt"/>
        <line num="20" count="2" type="stmt"/>
        <line num="21" count="37652" type="cond" truecount="2" falsecount="0"/>
      </file>
    </package>
    <package name="core.constants">
      <metrics statements="21" coveredstatements="21" conditionals="0" coveredconditionals="0" methods="10" coveredmethods="10"/>
      <file name="defaults.ts" path="C:\Users\USER\Desktop\Final Year Research\project\backend\src\core\constants\defaults.ts">
        <metrics statements="10" coveredstatements="10" conditionals="0" coveredconditionals="0" methods="0" coveredmethods="0"/>
        <line num="7" count="2" type="stmt"/>
        <line num="10" count="2" type="stmt"/>
        <line num="13" count="2" type="stmt"/>
        <line num="16" count="2" type="stmt"/>
        <line num="19" count="2" type="stmt"/>
        <line num="22" count="2" type="stmt"/>
        <line num="25" count="2" type="stmt"/>
        <line num="28" count="2" type="stmt"/>
        <line num="31" count="2" type="stmt"/>
        <line num="34" count="2" type="stmt"/>
      </file>
      <file name="index.ts" path="C:\Users\USER\Desktop\Final Year Research\project\backend\src\core\constants\index.ts">
        <metrics statements="11" coveredstatements="11" conditionals="0" coveredconditionals="0" methods="10" coveredmethods="10"/>
        <line num="2" count="2" type="stmt"/>
        <line num="3" count="1134" type="stmt"/>
        <line num="4" count="5" type="stmt"/>
        <line num="5" count="4" type="stmt"/>
        <line num="6" count="5378" type="stmt"/>
        <line num="7" count="2690" type="stmt"/>
        <line num="8" count="4" type="stmt"/>
        <line num="9" count="3" type="stmt"/>
        <line num="10" count="2689" type="stmt"/>
        <line num="11" count="4" type="stmt"/>
        <line num="12" count="1708" type="stmt"/>
      </file>
    </package>
    <package name="core.engine">
      <metrics statements="9" coveredstatements="6" conditionals="2" coveredconditionals="2" methods="6" coveredmethods="3"/>
      <file name="index.ts" path="C:\Users\USER\Desktop\Final Year Research\project\backend\src\core\engine\index.ts">
        <metrics statements="1" coveredstatements="1" conditionals="0" coveredconditionals="0" methods="1" coveredmethods="1"/>
        <line num="1" count="2" type="stmt"/>
      </file>
      <file name="matching-engine.ts" path="C:\Users\USER\Desktop\Final Year Research\project\backend\src\core\engine\matching-engine.ts">
        <metrics statements="8" coveredstatements="5" conditionals="2" coveredconditionals="2" methods="5" coveredmethods="2"/>
        <line num="2" count="1" type="stmt"/>
        <line num="9" count="1" type="stmt"/>
        <line num="11" count="1" type="cond" truecount="1" falsecount="0"/>
        <line num="12" count="1" type="cond" truecount="1" falsecount="0"/>
        <line num="16" count="0" type="stmt"/>
        <line num="20" count="1" type="stmt"/>
        <line num="24" count="0" type="stmt"/>
        <line num="32" count="0" type="stmt"/>
      </file>
    </package>
    <package name="core.entities">
      <metrics statements="64" coveredstatements="58" conditionals="48" coveredconditionals="36" methods="22" coveredmethods="22"/>
      <file name="algorithm-weights.vo.ts" path="C:\Users\USER\Desktop\Final Year Research\project\backend\src\core\entities\algorithm-weights.vo.ts">
        <metrics statements="22" coveredstatements="20" conditionals="16" coveredconditionals="9" methods="6" coveredmethods="6"/>
        <line num="1" count="2" type="stmt"/>
        <line num="2" count="2" type="stmt"/>
        <line num="22" count="2" type="stmt"/>
        <line num="36" count="567" type="stmt"/>
        <line num="42" count="567" type="stmt"/>
        <line num="43" count="567" type="stmt"/>
        <line num="45" count="567" type="stmt"/>
        <line num="46" count="567" type="stmt"/>
        <line num="47" count="567" type="stmt"/>
        <line num="48" count="567" type="stmt"/>
        <line num="49" count="567" type="stmt"/>
        <line num="50" count="567" type="stmt"/>
        <line num="54" count="3" type="stmt"/>
        <line num="58" count="566" type="stmt"/>
        <line num="59" count="566" type="stmt"/>
        <line num="65" count="566" type="stmt"/>
        <line num="67" count="566" type="stmt"/>
        <line num="92" count="5670" type="cond" truecount="3" falsecount="1"/>
        <line num="93" count="0" type="stmt"/>
        <line num="96" count="5670" type="stmt"/>
        <line num="98" count="1701" type="cond" truecount="1" falsecount="1"/>
        <line num="99" count="0" type="stmt"/>
      </file>
      <file name="availability-slot.vo.ts" path="C:\Users\USER\Desktop\Final Year Research\project\backend\src\core\entities\availability-slot.vo.ts">
        <metrics statements="12" coveredstatements="9" conditionals="10" coveredconditionals="7" methods="4" coveredmethods="4"/>
        <line num="2" count="2" type="stmt"/>
        <line num="8" count="3410" type="stmt"/>
        <line num="9" count="3410" type="stmt"/>
        <line num="11" count="3410" type="cond" truecount="3" falsecount="1"/>
        <line num="12" count="0" type="stmt"/>
        <line num="15" count="3410" type="cond" truecount="1" falsecount="1"/>
        <line num="16" count="0" type="stmt"/>
        <line num="21" count="2687" type="cond" truecount="2" falsecount="0"/>
        <line num="25" count="2687" type="cond" truecount="1" falsecount="1"/>
        <line num="26" count="0" type="stmt"/>
        <line num="29" count="2687" type="stmt"/>
        <line num="36" count="8059" type="stmt"/>
      </file>
      <file name="criterion-weights.vo.ts" path="C:\Users\USER\Desktop\Final Year Research\project\backend\src\core\entities\criterion-weights.vo.ts">
        <metrics statements="22" coveredstatements="21" conditionals="22" coveredconditionals="20" methods="7" coveredmethods="7"/>
        <line num="1" count="2" type="stmt"/>
        <line num="13" count="2" type="stmt"/>
        <line num="27" count="1119" type="stmt"/>
        <line num="28" count="1119" type="stmt"/>
        <line num="29" count="1119" type="stmt"/>
        <line num="30" count="1119" type="stmt"/>
        <line num="31" count="1119" type="stmt"/>
        <line num="32" count="1119" type="stmt"/>
        <line num="36" count="1114" type="stmt"/>
        <line num="47" count="1112" type="cond" truecount="2" falsecount="0"/>
        <line num="48" count="1106" type="stmt"/>
        <line num="51" count="6" type="stmt"/>
        <line num="63" count="6" type="stmt"/>
        <line num="65" count="31" type="cond" truecount="4" falsecount="0"/>
        <line num="66" count="1" type="stmt"/>
        <line num="69" count="30" type="stmt"/>
        <line num="71" count="5" type="cond" truecount="1" falsecount="1"/>
        <line num="72" count="0" type="stmt"/>
        <line num="75" count="5" type="cond" truecount="2" falsecount="0"/>
        <line num="76" count="2" type="stmt"/>
        <line num="80" count="3" type="stmt"/>
        <line num="91" count="1" type="stmt"/>
      </file>
      <file name="index.ts" path="C:\Users\USER\Desktop\Final Year Research\project\backend\src\core\entities\index.ts">
        <metrics statements="4" coveredstatements="4" conditionals="0" coveredconditionals="0" methods="4" coveredmethods="4"/>
        <line num="1" count="569" type="stmt"/>
        <line num="4" count="725" type="stmt"/>
        <line num="5" count="1114" type="stmt"/>
        <line num="7" count="2949" type="stmt"/>
      </file>
      <file name="match-score.vo.ts" path="C:\Users\USER\Desktop\Final Year Research\project\backend\src\core\entities\match-score.vo.ts">
        <metrics statements="4" coveredstatements="4" conditionals="0" coveredconditionals="0" methods="1" coveredmethods="1"/>
        <line num="17" count="2" type="stmt"/>
        <line num="29" count="2947" type="stmt"/>
        <line num="30" count="2947" type="stmt"/>
        <line num="31" count="2947" type="stmt"/>
      </file>
    </package>
    <package name="core.enums">
      <metrics statements="28" coveredstatements="28" conditionals="12" coveredconditionals="12" methods="12" coveredmethods="11"/>
      <file name="assignment-status.enum.ts" path="C:\Users\USER\Desktop\Final Year Research\project\backend\src\core\enums\assignment-status.enum.ts">
        <metrics statements="5" coveredstatements="5" conditionals="2" coveredconditionals="2" methods="1" coveredmethods="1"/>
        <line num="2" count="2" type="cond" truecount="2" falsecount="0"/>
        <line num="4" count="2" type="stmt"/>
        <line num="7" count="2" type="stmt"/>
        <line num="10" count="2" type="stmt"/>
        <line num="13" count="2" type="stmt"/>
      </file>
      <file name="delivery-mode.enum.ts" path="C:\Users\USER\Desktop\Final Year Research\project\backend\src\core\enums\delivery-mode.enum.ts">
        <metrics statements="3" coveredstatements="3" conditionals="2" coveredconditionals="2" methods="1" coveredmethods="1"/>
        <line num="2" count="2" type="cond" truecount="2" falsecount="0"/>
        <line num="4" count="2" type="stmt"/>
        <line num="7" count="2" type="stmt"/>
      </file>
      <file name="exam-type.enum.ts" path="C:\Users\USER\Desktop\Final Year Research\project\backend\src\core\enums\exam-type.enum.ts">
        <metrics statements="4" coveredstatements="4" conditionals="2" coveredconditionals="2" methods="1" coveredmethods="1"/>
        <line num="5" count="2" type="cond" truecount="2" falsecount="0"/>
        <line num="6" count="2" type="stmt"/>
        <line num="7" count="2" type="stmt"/>
        <line num="8" count="2" type="stmt"/>
      </file>
      <file name="format-preference.enum.ts" path="C:\Users\USER\Desktop\Final Year Research\project\backend\src\core\enums\format-preference.enum.ts">
        <metrics statements="3" coveredstatements="3" conditionals="2" coveredconditionals="2" methods="1" coveredmethods="1"/>
        <line num="2" count="2" type="cond" truecount="2" falsecount="0"/>
        <line num="4" count="2" type="stmt"/>
        <line num="7" count="2" type="stmt"/>
      </file>
      <file name="index.ts" path="C:\Users\USER\Desktop\Final Year Research\project\backend\src\core\enums\index.ts">
        <metrics statements="6" coveredstatements="6" conditionals="0" coveredconditionals="0" methods="6" coveredmethods="5"/>
        <line num="2" count="553" type="stmt"/>
        <line num="3" count="8881" type="stmt"/>
        <line num="4" count="2" type="stmt"/>
        <line num="5" count="6187" type="stmt"/>
        <line num="6" count="8651" type="stmt"/>
        <line num="7" count="5603" type="stmt"/>
      </file>
      <file name="learning-style.enum.ts" path="C:\Users\USER\Desktop\Final Year Research\project\backend\src\core\enums\learning-style.enum.ts">
        <metrics statements="4" coveredstatements="4" conditionals="2" coveredconditionals="2" methods="1" coveredmethods="1"/>
        <line num="2" count="2" type="cond" truecount="2" falsecount="0"/>
        <line num="4" count="2" type="stmt"/>
        <line num="7" count="2" type="stmt"/>
        <line num="10" count="2" type="stmt"/>
      </file>
      <file name="teaching-style.enum.ts" path="C:\Users\USER\Desktop\Final Year Research\project\backend\src\core\enums\teaching-style.enum.ts">
        <metrics statements="3" coveredstatements="3" conditionals="2" coveredconditionals="2" methods="1" coveredmethods="1"/>
        <line num="2" count="2" type="cond" truecount="2" falsecount="0"/>
        <line num="4" count="2" type="stmt"/>
        <line num="7" count="2" type="stmt"/>
      </file>
    </package>
    <package name="core.exceptions">
      <metrics statements="16" coveredstatements="16" conditionals="2" coveredconditionals="1" methods="4" coveredmethods="4"/>
      <file name="incomplete-profile.exception.ts" path="C:\Users\USER\Desktop\Final Year Research\project\backend\src\core\exceptions\incomplete-profile.exception.ts">
        <metrics statements="7" coveredstatements="7" conditionals="0" coveredconditionals="0" methods="1" coveredmethods="1"/>
        <line num="5" count="2" type="stmt"/>
        <line num="20" count="1" type="stmt"/>
        <line num="24" count="1" type="stmt"/>
        <line num="25" count="1" type="stmt"/>
        <line num="26" count="1" type="stmt"/>
        <line num="27" count="1" type="stmt"/>
        <line num="30" count="1" type="stmt"/>
      </file>
      <file name="index.ts" path="C:\Users\USER\Desktop\Final Year Research\project\backend\src\core\exceptions\index.ts">
        <metrics statements="2" coveredstatements="2" conditionals="0" coveredconditionals="0" methods="2" coveredmethods="2"/>
        <line num="2" count="4" type="stmt"/>
        <line num="3" count="4" type="stmt"/>
      </file>
      <file name="no-eligible-tutors.exception.ts" path="C:\Users\USER\Desktop\Final Year Research\project\backend\src\core\exceptions\no-eligible-tutors.exception.ts">
        <metrics statements="7" coveredstatements="7" conditionals="2" coveredconditionals="1" methods="1" coveredmethods="1"/>
        <line num="6" count="2" type="stmt"/>
        <line num="14" count="2" type="cond" truecount="1" falsecount="1"/>
        <line num="15" count="2" type="stmt"/>
        <line num="17" count="2" type="stmt"/>
        <line num="18" count="2" type="stmt"/>
        <line num="19" count="2" type="stmt"/>
        <line num="22" count="2" type="stmt"/>
      </file>
    </package>
  </project>
</coverage>
