{"C:\\Users\\USER\\Desktop\\Final Year Research\\project\\backend\\src\\core\\index.ts": {"path":"C:\\Users\\USER\\Desktop\\Final Year Research\\project\\backend\\src\\core\\index.ts","statementMap":{"0":{"start":{"line":1,"column":0},"end":{"line":1,"column":29}},"1":{"start":{"line":2,"column":0},"end":{"line":2,"column":28}},"2":{"start":{"line":3,"column":0},"end":{"line":3,"column":25}},"3":{"start":{"line":4,"column":0},"end":{"line":4,"column":27}},"4":{"start":{"line":5,"column":0},"end":{"line":5,"column":24}},"5":{"start":{"line":6,"column":0},"end":{"line":6,"column":29}},"6":{"start":{"line":7,"column":0},"end":{"line":7,"column":29}}},"fnMap":{},"branchMap":{},"s":{"0":0,"1":0,"2":0,"3":0,"4":0,"5":0,"6":0},"f":{},"b":{}}
,"C:\\Users\\USER\\Desktop\\Final Year Research\\project\\backend\\src\\core\\algorithms\\index.ts": {"path":"C:\\Users\\USER\\Desktop\\Final Year Research\\project\\backend\\src\\core\\algorithms\\index.ts","statementMap":{"0":{"start":{"line":1,"column":0},"end":{"line":1,"column":9}},"1":{"start":{"line":1,"column":9},"end":{"line":1,"column":66}},"2":{"start":{"line":3,"column":0},"end":{"line":3,"column":9}},"3":{"start":{"line":3,"column":9},"end":{"line":3,"column":72}},"4":{"start":{"line":5,"column":0},"end":{"line":5,"column":9}},"5":{"start":{"line":5,"column":9},"end":{"line":5,"column":79}},"6":{"start":{"line":11,"column":0},"end":{"line":11,"column":9}},"7":{"start":{"line":11,"column":9},"end":{"line":11,"column":65}},"8":{"start":{"line":12,"column":0},"end":{"line":12,"column":9}},"9":{"start":{"line":12,"column":9},"end":{"line":12,"column":62}},"10":{"start":{"line":13,"column":0},"end":{"line":13,"column":9}},"11":{"start":{"line":13,"column":9},"end":{"line":13,"column":52}},"12":{"start":{"line":15,"column":0},"end":{"line":15,"column":9}},"13":{"start":{"line":15,"column":9},"end":{"line":15,"column":59}},"14":{"start":{"line":17,"column":0},"end":{"line":17,"column":9}},"15":{"start":{"line":17,"column":9},"end":{"line":17,"column":61}},"16":{"start":{"line":18,"column":0},"end":{"line":18,"column":9}},"17":{"start":{"line":18,"column":9},"end":{"line":18,"column":59}},"18":{"start":{"line":19,"column":0},"end":{"line":19,"column":9}},"19":{"start":{"line":19,"column":9},"end":{"line":19,"column":63}},"20":{"start":{"line":21,"column":0},"end":{"line":21,"column":9}},"21":{"start":{"line":21,"column":9},"end":{"line":21,"column":59}},"22":{"start":{"line":22,"column":0},"end":{"line":22,"column":9}},"23":{"start":{"line":22,"column":9},"end":{"line":22,"column":43}},"24":{"start":{"line":24,"column":0},"end":{"line":24,"column":9}},"25":{"start":{"line":24,"column":9},"end":{"line":24,"column":27}},"26":{"start":{"line":24,"column":27},"end":{"line":24,"column":32}},"27":{"start":{"line":24,"column":32},"end":{"line":24,"column":43}},"28":{"start":{"line":24,"column":43},"end":{"line":24,"column":79}}},"fnMap":{"0":{"name":"(anonymous_0)","decl":{"start":{"line":1,"column":9},"end":{"line":1,"column":25}},"loc":{"start":{"line":1,"column":9},"end":{"line":1,"column":66}}},"1":{"name":"(anonymous_1)","decl":{"start":{"line":3,"column":9},"end":{"line":3,"column":28}},"loc":{"start":{"line":3,"column":9},"end":{"line":3,"column":72}}},"2":{"name":"(anonymous_2)","decl":{"start":{"line":5,"column":9},"end":{"line":5,"column":31}},"loc":{"start":{"line":5,"column":9},"end":{"line":5,"column":79}}},"3":{"name":"(anonymous_3)","decl":{"start":{"line":11,"column":9},"end":{"line":11,"column":26}},"loc":{"start":{"line":11,"column":9},"end":{"line":11,"column":65}}},"4":{"name":"(anonymous_4)","decl":{"start":{"line":12,"column":9},"end":{"line":12,"column":24}},"loc":{"start":{"line":12,"column":9},"end":{"line":12,"column":62}}},"5":{"name":"(anonymous_5)","decl":{"start":{"line":13,"column":9},"end":{"line":13,"column":19}},"loc":{"start":{"line":13,"column":9},"end":{"line":13,"column":52}}},"6":{"name":"(anonymous_6)","decl":{"start":{"line":15,"column":9},"end":{"line":15,"column":23}},"loc":{"start":{"line":15,"column":9},"end":{"line":15,"column":59}}},"7":{"name":"(anonymous_7)","decl":{"start":{"line":17,"column":9},"end":{"line":17,"column":24}},"loc":{"start":{"line":17,"column":9},"end":{"line":17,"column":61}}},"8":{"name":"(anonymous_8)","decl":{"start":{"line":18,"column":9},"end":{"line":18,"column":23}},"loc":{"start":{"line":18,"column":9},"end":{"line":18,"column":59}}},"9":{"name":"(anonymous_9)","decl":{"start":{"line":19,"column":9},"end":{"line":19,"column":25}},"loc":{"start":{"line":19,"column":9},"end":{"line":19,"column":63}}},"10":{"name":"(anonymous_10)","decl":{"start":{"line":21,"column":9},"end":{"line":21,"column":23}},"loc":{"start":{"line":21,"column":9},"end":{"line":21,"column":59}}},"11":{"name":"(anonymous_11)","decl":{"start":{"line":22,"column":9},"end":{"line":22,"column":16}},"loc":{"start":{"line":22,"column":9},"end":{"line":22,"column":43}}},"12":{"name":"(anonymous_12)","decl":{"start":{"line":24,"column":9},"end":{"line":24,"column":25}},"loc":{"start":{"line":24,"column":9},"end":{"line":24,"column":27}}},"13":{"name":"(anonymous_13)","decl":{"start":{"line":24,"column":27},"end":{"line":24,"column":30}},"loc":{"start":{"line":24,"column":27},"end":{"line":24,"column":32}}},"14":{"name":"(anonymous_14)","decl":{"start":{"line":24,"column":32},"end":{"line":24,"column":41}},"loc":{"start":{"line":24,"column":32},"end":{"line":24,"column":43}}},"15":{"name":"(anonymous_15)","decl":{"start":{"line":24,"column":43},"end":{"line":24,"column":49}},"loc":{"start":{"line":24,"column":43},"end":{"line":24,"column":79}}}},"branchMap":{},"s":{"0":2,"1":3,"2":2,"3":4,"4":2,"5":41,"6":2,"7":5,"8":2,"9":3,"10":2,"11":3,"12":2,"13":5,"14":2,"15":7,"16":2,"17":3,"18":2,"19":3,"20":2,"21":4,"22":2,"23":8,"24":2,"25":8,"26":4,"27":4,"28":4},"f":{"0":1,"1":2,"2":39,"3":3,"4":1,"5":1,"6":3,"7":5,"8":1,"9":1,"10":2,"11":6,"12":6,"13":2,"14":2,"15":2},"b":{}}
,"C:\\Users\\USER\\Desktop\\Final Year Research\\project\\backend\\src\\core\\algorithms\\adaptation\\weight-adaptation.ts": {"path":"C:\\Users\\USER\\Desktop\\Final Year Research\\project\\backend\\src\\core\\algorithms\\adaptation\\weight-adaptation.ts","statementMap":{"0":{"start":{"line":1,"column":0},"end":{"line":1,"column":44}},"1":{"start":{"line":2,"column":0},"end":{"line":2,"column":78}},"2":{"start":{"line":12,"column":20},"end":{"line":17,"column":6}},"3":{"start":{"line":19,"column":6},"end":{"line":21,"column":47}},"4":{"start":{"line":22,"column":27},"end":{"line":22,"column":43}},"5":{"start":{"line":23,"column":23},"end":{"line":24,"column":null}},"6":{"start":{"line":24,"column":15},"end":{"line":24,"column":29}},"7":{"start":{"line":26,"column":25},"end":{"line":26,"column":82}},"8":{"start":{"line":26,"column":58},"end":{"line":26,"column":78}},"9":{"start":{"line":28,"column":4},"end":{"line":33,"column":5}},"10":{"start":{"line":29,"column":6},"end":{"line":32,"column":59}},"11":{"start":{"line":35,"column":4},"end":{"line":35,"column":35}},"12":{"start":{"line":37,"column":41},"end":{"line":41,"column":6}},"13":{"start":{"line":43,"column":4},"end":{"line":43,"column":39}},"14":{"start":{"line":6,"column":0},"end":{"line":6,"column":13}}},"fnMap":{"0":{"name":"(anonymous_0)","decl":{"start":{"line":7,"column":9},"end":{"line":7,"column":13}},"loc":{"start":{"line":10,"column":18},"end":{"line":44,"column":3}}},"1":{"name":"(anonymous_1)","decl":{"start":{"line":24,"column":6},"end":{"line":24,"column":7}},"loc":{"start":{"line":24,"column":15},"end":{"line":24,"column":29}}},"2":{"name":"(anonymous_2)","decl":{"start":{"line":26,"column":42},"end":{"line":26,"column":43}},"loc":{"start":{"line":26,"column":58},"end":{"line":26,"column":78}}}},"branchMap":{"0":{"loc":{"start":{"line":19,"column":6},"end":{"line":21,"column":47}},"type":"cond-expr","locations":[{"start":{"line":20,"column":10},"end":{"line":20,"column":55}},{"start":{"line":21,"column":10},"end":{"line":21,"column":47}}]},"1":{"loc":{"start":{"line":30,"column":8},"end":{"line":32,"column":58}},"type":"cond-expr","locations":[{"start":{"line":31,"column":12},"end":{"line":31,"column":45}},{"start":{"line":32,"column":12},"end":{"line":32,"column":58}}]}},"s":{"0":2,"1":2,"2":1,"3":1,"4":1,"5":1,"6":4,"7":1,"8":3,"9":1,"10":3,"11":1,"12":1,"13":1,"14":2},"f":{"0":1,"1":4,"2":3},"b":{"0":[1,0],"1":[0,3]}}
,"C:\\Users\\USER\\Desktop\\Final Year Research\\project\\backend\\src\\core\\algorithms\\assignment\\assignment-lifecycle.ts": {"path":"C:\\Users\\USER\\Desktop\\Final Year Research\\project\\backend\\src\\core\\algorithms\\assignment\\assignment-lifecycle.ts","statementMap":{"0":{"start":{"line":2,"column":0},"end":{"line":2,"column":47}},"1":{"start":{"line":3,"column":0},"end":{"line":3,"column":68}},"2":{"start":{"line":11,"column":31},"end":{"line":11,"column":40}},"3":{"start":{"line":14,"column":4},"end":{"line":14,"column":48}},"4":{"start":{"line":15,"column":4},"end":{"line":15,"column":65}},"5":{"start":{"line":23,"column":4},"end":{"line":23,"column":48}},"6":{"start":{"line":24,"column":22},"end":{"line":24,"column":75}},"7":{"start":{"line":25,"column":21},"end":{"line":25,"column":69}},"8":{"start":{"line":27,"column":4},"end":{"line":27,"column":35}},"9":{"start":{"line":31,"column":4},"end":{"line":33,"column":5}},"10":{"start":{"line":32,"column":6},"end":{"line":32,"column":18}},"11":{"start":{"line":35,"column":19},"end":{"line":35,"column":70}},"12":{"start":{"line":36,"column":4},"end":{"line":36,"column":41}},"13":{"start":{"line":40,"column":4},"end":{"line":42,"column":5}},"14":{"start":{"line":41,"column":6},"end":{"line":41,"column":13}},"15":{"start":{"line":44,"column":18},"end":{"line":44,"column":81}},"16":{"start":{"line":44,"column":45},"end":{"line":44,"column":80}},"17":{"start":{"line":46,"column":4},"end":{"line":48,"column":5}},"18":{"start":{"line":47,"column":6},"end":{"line":47,"column":65}},"19":{"start":{"line":10,"column":0},"end":{"line":10,"column":13}}},"fnMap":{"0":{"name":"(anonymous_0)","decl":{"start":{"line":11,"column":2},"end":{"line":11,"column":31}},"loc":{"start":{"line":11,"column":68},"end":{"line":11,"column":72}}},"1":{"name":"(anonymous_1)","decl":{"start":{"line":13,"column":9},"end":{"line":13,"column":17}},"loc":{"start":{"line":13,"column":57},"end":{"line":16,"column":3}}},"2":{"name":"(anonymous_2)","decl":{"start":{"line":18,"column":9},"end":{"line":18,"column":15}},"loc":{"start":{"line":21,"column":33},"end":{"line":28,"column":3}}},"3":{"name":"(anonymous_3)","decl":{"start":{"line":30,"column":9},"end":{"line":30,"column":24}},"loc":{"start":{"line":30,"column":71},"end":{"line":37,"column":3}}},"4":{"name":"(anonymous_4)","decl":{"start":{"line":39,"column":10},"end":{"line":39,"column":28}},"loc":{"start":{"line":39,"column":68},"end":{"line":49,"column":3}}},"5":{"name":"(anonymous_5)","decl":{"start":{"line":44,"column":30},"end":{"line":44,"column":31}},"loc":{"start":{"line":44,"column":45},"end":{"line":44,"column":80}}}},"branchMap":{"0":{"loc":{"start":{"line":11,"column":31},"end":{"line":11,"column":68}},"type":"default-arg","locations":[{"start":{"line":11,"column":40},"end":{"line":11,"column":68}}]},"1":{"loc":{"start":{"line":31,"column":4},"end":{"line":33,"column":5}},"type":"if","locations":[{"start":{"line":31,"column":4},"end":{"line":33,"column":5}},{"start":{},"end":{}}]},"2":{"loc":{"start":{"line":36,"column":11},"end":{"line":36,"column":40}},"type":"binary-expr","locations":[{"start":{"line":36,"column":11},"end":{"line":36,"column":32}},{"start":{"line":36,"column":36},"end":{"line":36,"column":40}}]},"3":{"loc":{"start":{"line":40,"column":4},"end":{"line":42,"column":5}},"type":"if","locations":[{"start":{"line":40,"column":4},"end":{"line":42,"column":5}},{"start":{},"end":{}}]},"4":{"loc":{"start":{"line":40,"column":8},"end":{"line":40,"column":76}},"type":"binary-expr","locations":[{"start":{"line":40,"column":8},"end":{"line":40,"column":27}},{"start":{"line":40,"column":31},"end":{"line":40,"column":76}}]},"5":{"loc":{"start":{"line":46,"column":4},"end":{"line":48,"column":5}},"type":"if","locations":[{"start":{"line":46,"column":4},"end":{"line":48,"column":5}},{"start":{},"end":{}}]}},"s":{"0":2,"1":2,"2":2,"3":0,"4":0,"5":1,"6":1,"7":1,"8":1,"9":1,"10":0,"11":1,"12":1,"13":1,"14":0,"15":1,"16":1,"17":1,"18":1,"19":2},"f":{"0":2,"1":0,"2":1,"3":1,"4":1,"5":1},"b":{"0":[1],"1":[0,1],"2":[1,0],"3":[0,1],"4":[1,1],"5":[1,0]}}
,"C:\\Users\\USER\\Desktop\\Final Year Research\\project\\backend\\src\\core\\algorithms\\assignment\\greedy-assignment.engine.ts": {"path":"C:\\Users\\USER\\Desktop\\Final Year Research\\project\\backend\\src\\core\\algorithms\\assignment\\greedy-assignment.engine.ts","statementMap":{"0":{"start":{"line":1,"column":0},"end":{"line":1,"column":47}},"1":{"start":{"line":2,"column":0},"end":{"line":2,"column":null}},"2":{"start":{"line":10,"column":0},"end":{"line":10,"column":61}},"3":{"start":{"line":11,"column":0},"end":{"line":11,"column":66}},"4":{"start":{"line":12,"column":0},"end":{"line":12,"column":62}},"5":{"start":{"line":13,"column":0},"end":{"line":13,"column":60}},"6":{"start":{"line":14,"column":0},"end":{"line":14,"column":44}},"7":{"start":{"line":59,"column":21},"end":{"line":59,"column":41}},"8":{"start":{"line":60,"column":21},"end":{"line":60,"column":39}},"9":{"start":{"line":61,"column":21},"end":{"line":61,"column":38}},"10":{"start":{"line":74,"column":18},"end":{"line":74,"column":31}},"11":{"start":{"line":75,"column":17},"end":{"line":75,"column":45}},"12":{"start":{"line":76,"column":31},"end":{"line":76,"column":48}},"13":{"start":{"line":77,"column":34},"end":{"line":77,"column":51}},"14":{"start":{"line":78,"column":38},"end":{"line":78,"column":40}},"15":{"start":{"line":86,"column":25},"end":{"line":86,"column":88}},"16":{"start":{"line":87,"column":17},"end":{"line":87,"column":41}},"17":{"start":{"line":89,"column":4},"end":{"line":137,"column":5}},"18":{"start":{"line":91,"column":22},"end":{"line":91,"column":64}},"19":{"start":{"line":92,"column":29},"end":{"line":92,"column":88}},"20":{"start":{"line":93,"column":25},"end":{"line":93,"column":90}},"21":{"start":{"line":100,"column":11},"end":{"line":100,"column":13}},"22":{"start":{"line":102,"column":6},"end":{"line":113,"column":7}},"23":{"start":{"line":103,"column":8},"end":{"line":105,"column":9}},"24":{"start":{"line":104,"column":10},"end":{"line":104,"column":19}},"25":{"start":{"line":107,"column":28},"end":{"line":107,"column":79}},"26":{"start":{"line":108,"column":28},"end":{"line":108,"column":91}},"27":{"start":{"line":109,"column":8},"end":{"line":111,"column":9}},"28":{"start":{"line":110,"column":10},"end":{"line":110,"column":33}},"29":{"start":{"line":112,"column":8},"end":{"line":112,"column":67}},"30":{"start":{"line":115,"column":6},"end":{"line":117,"column":7}},"31":{"start":{"line":116,"column":8},"end":{"line":116,"column":17}},"32":{"start":{"line":119,"column":6},"end":{"line":119,"column":44}},"33":{"start":{"line":122,"column":6},"end":{"line":122,"column":69}},"34":{"start":{"line":122,"column":38},"end":{"line":122,"column":67}},"35":{"start":{"line":123,"column":28},"end":{"line":123,"column":94}},"36":{"start":{"line":125,"column":6},"end":{"line":136,"column":7}},"37":{"start":{"line":126,"column":8},"end":{"line":129,"column":10}},"38":{"start":{"line":130,"column":8},"end":{"line":135,"column":9}},"39":{"start":{"line":131,"column":10},"end":{"line":131,"column":35}},"40":{"start":{"line":132,"column":10},"end":{"line":134,"column":11}},"41":{"start":{"line":133,"column":12},"end":{"line":133,"column":46}},"42":{"start":{"line":139,"column":4},"end":{"line":170,"column":5}},"43":{"start":{"line":140,"column":19},"end":{"line":140,"column":29}},"44":{"start":{"line":142,"column":6},"end":{"line":144,"column":7}},"45":{"start":{"line":143,"column":8},"end":{"line":143,"column":14}},"46":{"start":{"line":146,"column":84},"end":{"line":146,"column":94}},"47":{"start":{"line":148,"column":6},"end":{"line":150,"column":7}},"48":{"start":{"line":149,"column":8},"end":{"line":149,"column":17}},"49":{"start":{"line":152,"column":28},"end":{"line":156,"column":null}},"50":{"start":{"line":159,"column":6},"end":{"line":162,"column":7}},"51":{"start":{"line":160,"column":8},"end":{"line":160,"column":45}},"52":{"start":{"line":161,"column":8},"end":{"line":161,"column":17}},"53":{"start":{"line":166,"column":25},"end":{"line":166,"column":92}},"54":{"start":{"line":167,"column":6},"end":{"line":167,"column":80}},"55":{"start":{"line":168,"column":6},"end":{"line":168,"column":41}},"56":{"start":{"line":169,"column":6},"end":{"line":169,"column":31}},"57":{"start":{"line":177,"column":4},"end":{"line":186,"column":5}},"58":{"start":{"line":178,"column":6},"end":{"line":185,"column":8}},"59":{"start":{"line":188,"column":25},"end":{"line":199,"column":null}},"60":{"start":{"line":189,"column":27},"end":{"line":189,"column":62}},"61":{"start":{"line":191,"column":8},"end":{"line":198,"column":null}},"62":{"start":{"line":202,"column":4},"end":{"line":202,"column":41}},"63":{"start":{"line":218,"column":4},"end":{"line":248,"column":5}},"64":{"start":{"line":219,"column":6},"end":{"line":221,"column":7}},"65":{"start":{"line":220,"column":8},"end":{"line":220,"column":17}},"66":{"start":{"line":223,"column":22},"end":{"line":223,"column":64}},"67":{"start":{"line":224,"column":25},"end":{"line":224,"column":90}},"68":{"start":{"line":226,"column":79},"end":{"line":226,"column":83}},"69":{"start":{"line":227,"column":29},"end":{"line":227,"column":88}},"70":{"start":{"line":229,"column":6},"end":{"line":240,"column":7}},"71":{"start":{"line":230,"column":8},"end":{"line":232,"column":9}},"72":{"start":{"line":231,"column":10},"end":{"line":231,"column":19}},"73":{"start":{"line":233,"column":8},"end":{"line":233,"column":46}},"74":{"start":{"line":234,"column":28},"end":{"line":234,"column":79}},"75":{"start":{"line":235,"column":28},"end":{"line":235,"column":91}},"76":{"start":{"line":236,"column":25},"end":{"line":236,"column":86}},"77":{"start":{"line":237,"column":8},"end":{"line":239,"column":9}},"78":{"start":{"line":238,"column":10},"end":{"line":238,"column":57}},"79":{"start":{"line":242,"column":6},"end":{"line":247,"column":7}},"80":{"start":{"line":243,"column":27},"end":{"line":243,"column":98}},"81":{"start":{"line":244,"column":8},"end":{"line":244,"column":87}},"82":{"start":{"line":245,"column":8},"end":{"line":245,"column":43}},"83":{"start":{"line":246,"column":8},"end":{"line":246,"column":38}},"84":{"start":{"line":252,"column":19},"end":{"line":252,"column":54}},"85":{"start":{"line":254,"column":4},"end":{"line":254,"column":70}},"86":{"start":{"line":262,"column":4},"end":{"line":268,"column":6}},"87":{"start":{"line":272,"column":4},"end":{"line":279,"column":6}},"88":{"start":{"line":284,"column":4},"end":{"line":284,"column":90}},"89":{"start":{"line":288,"column":18},"end":{"line":288,"column":44}},"90":{"start":{"line":289,"column":4},"end":{"line":297,"column":5}},"91":{"start":{"line":290,"column":6},"end":{"line":296,"column":7}},"92":{"start":{"line":291,"column":27},"end":{"line":291,"column":48}},"93":{"start":{"line":292,"column":8},"end":{"line":294,"column":9}},"94":{"start":{"line":293,"column":10},"end":{"line":293,"column":36}},"95":{"start":{"line":295,"column":8},"end":{"line":295,"column":43}},"96":{"start":{"line":298,"column":4},"end":{"line":298,"column":17}},"97":{"start":{"line":302,"column":17},"end":{"line":302,"column":34}},"98":{"start":{"line":303,"column":32},"end":{"line":303,"column":34}},"99":{"start":{"line":304,"column":4},"end":{"line":315,"column":5}},"100":{"start":{"line":305,"column":25},"end":{"line":305,"column":46}},"101":{"start":{"line":306,"column":31},"end":{"line":306,"column":52}},"102":{"start":{"line":307,"column":6},"end":{"line":314,"column":7}},"103":{"start":{"line":308,"column":8},"end":{"line":313,"column":9}},"104":{"start":{"line":309,"column":10},"end":{"line":312,"column":11}},"105":{"start":{"line":310,"column":12},"end":{"line":310,"column":31}},"106":{"start":{"line":311,"column":12},"end":{"line":311,"column":35}},"107":{"start":{"line":316,"column":4},"end":{"line":316,"column":22}},"108":{"start":{"line":325,"column":26},"end":{"line":325,"column":58}},"109":{"start":{"line":326,"column":25},"end":{"line":326,"column":87}},"110":{"start":{"line":327,"column":25},"end":{"line":327,"column":77}},"111":{"start":{"line":329,"column":4},"end":{"line":329,"column":86}},"112":{"start":{"line":333,"column":15},"end":{"line":333,"column":25}},"113":{"start":{"line":335,"column":4},"end":{"line":338,"column":5}},"114":{"start":{"line":336,"column":6},"end":{"line":336,"column":33}},"115":{"start":{"line":337,"column":6},"end":{"line":337,"column":39}},"116":{"start":{"line":340,"column":4},"end":{"line":340,"column":40}},"117":{"start":{"line":57,"column":0},"end":{"line":57,"column":13}}},"fnMap":{"0":{"name":"(anonymous_0)","decl":{"start":{"line":58,"column":2},"end":{"line":58,"column":null}},"loc":{"start":{"line":61,"column":58},"end":{"line":62,"column":6}}},"1":{"name":"(anonymous_1)","decl":{"start":{"line":64,"column":9},"end":{"line":64,"column":20}},"loc":{"start":{"line":67,"column":36},"end":{"line":203,"column":3}}},"2":{"name":"(anonymous_2)","decl":{"start":{"line":122,"column":28},"end":{"line":122,"column":29}},"loc":{"start":{"line":122,"column":38},"end":{"line":122,"column":67}}},"3":{"name":"(anonymous_3)","decl":{"start":{"line":189,"column":14},"end":{"line":189,"column":15}},"loc":{"start":{"line":189,"column":27},"end":{"line":189,"column":62}}},"4":{"name":"(anonymous_4)","decl":{"start":{"line":190,"column":11},"end":{"line":190,"column":12}},"loc":{"start":{"line":191,"column":8},"end":{"line":198,"column":null}}},"5":{"name":"(anonymous_5)","decl":{"start":{"line":210,"column":10},"end":{"line":210,"column":25}},"loc":{"start":{"line":216,"column":29},"end":{"line":249,"column":3}}},"6":{"name":"(anonymous_6)","decl":{"start":{"line":251,"column":9},"end":{"line":251,"column":26}},"loc":{"start":{"line":251,"column":60},"end":{"line":255,"column":3}}},"7":{"name":"(anonymous_7)","decl":{"start":{"line":257,"column":10},"end":{"line":257,"column":26}},"loc":{"start":{"line":260,"column":26},"end":{"line":269,"column":3}}},"8":{"name":"(anonymous_8)","decl":{"start":{"line":271,"column":10},"end":{"line":271,"column":28}},"loc":{"start":{"line":271,"column":62},"end":{"line":280,"column":3}}},"9":{"name":"(anonymous_9)","decl":{"start":{"line":282,"column":10},"end":{"line":282,"column":26}},"loc":{"start":{"line":282,"column":44},"end":{"line":285,"column":3}}},"10":{"name":"(anonymous_10)","decl":{"start":{"line":287,"column":10},"end":{"line":287,"column":27}},"loc":{"start":{"line":287,"column":43},"end":{"line":299,"column":3}}},"11":{"name":"(anonymous_11)","decl":{"start":{"line":301,"column":10},"end":{"line":301,"column":23}},"loc":{"start":{"line":301,"column":69},"end":{"line":317,"column":3}}},"12":{"name":"(anonymous_12)","decl":{"start":{"line":319,"column":10},"end":{"line":319,"column":18}},"loc":{"start":{"line":323,"column":26},"end":{"line":330,"column":3}}},"13":{"name":"(anonymous_13)","decl":{"start":{"line":332,"column":10},"end":{"line":332,"column":22}},"loc":{"start":{"line":332,"column":36},"end":{"line":341,"column":3}}}},"branchMap":{"0":{"loc":{"start":{"line":59,"column":21},"end":{"line":59,"column":64}},"type":"default-arg","locations":[{"start":{"line":59,"column":41},"end":{"line":59,"column":64}}]},"1":{"loc":{"start":{"line":60,"column":21},"end":{"line":60,"column":60}},"type":"default-arg","locations":[{"start":{"line":60,"column":39},"end":{"line":60,"column":60}}]},"2":{"loc":{"start":{"line":61,"column":21},"end":{"line":61,"column":58}},"type":"default-arg","locations":[{"start":{"line":61,"column":38},"end":{"line":61,"column":58}}]},"3":{"loc":{"start":{"line":67,"column":4},"end":{"line":67,"column":36}},"type":"default-arg","locations":[{"start":{"line":67,"column":34},"end":{"line":67,"column":36}}]},"4":{"loc":{"start":{"line":86,"column":25},"end":{"line":86,"column":88}},"type":"cond-expr","locations":[{"start":{"line":86,"column":51},"end":{"line":86,"column":81}},{"start":{"line":86,"column":84},"end":{"line":86,"column":88}}]},"5":{"loc":{"start":{"line":87,"column":17},"end":{"line":87,"column":41}},"type":"binary-expr","locations":[{"start":{"line":87,"column":17},"end":{"line":87,"column":29}},{"start":{"line":87,"column":33},"end":{"line":87,"column":41}}]},"6":{"loc":{"start":{"line":93,"column":25},"end":{"line":93,"column":90}},"type":"cond-expr","locations":[{"start":{"line":93,"column":40},"end":{"line":93,"column":81}},{"start":{"line":93,"column":84},"end":{"line":93,"column":90}}]},"7":{"loc":{"start":{"line":103,"column":8},"end":{"line":105,"column":9}},"type":"if","locations":[{"start":{"line":103,"column":8},"end":{"line":105,"column":9}},{"start":{},"end":{}}]},"8":{"loc":{"start":{"line":109,"column":8},"end":{"line":111,"column":9}},"type":"if","locations":[{"start":{"line":109,"column":8},"end":{"line":111,"column":9}},{"start":{},"end":{}}]},"9":{"loc":{"start":{"line":115,"column":6},"end":{"line":117,"column":7}},"type":"if","locations":[{"start":{"line":115,"column":6},"end":{"line":117,"column":7}},{"start":{},"end":{}}]},"10":{"loc":{"start":{"line":130,"column":8},"end":{"line":135,"column":9}},"type":"if","locations":[{"start":{"line":130,"column":8},"end":{"line":135,"column":9}},{"start":{},"end":{}}]},"11":{"loc":{"start":{"line":132,"column":10},"end":{"line":134,"column":11}},"type":"if","locations":[{"start":{"line":132,"column":10},"end":{"line":134,"column":11}},{"start":{},"end":{}}]},"12":{"loc":{"start":{"line":142,"column":6},"end":{"line":144,"column":7}},"type":"if","locations":[{"start":{"line":142,"column":6},"end":{"line":144,"column":7}},{"start":{},"end":{}}]},"13":{"loc":{"start":{"line":148,"column":6},"end":{"line":150,"column":7}},"type":"if","locations":[{"start":{"line":148,"column":6},"end":{"line":150,"column":7}},{"start":{},"end":{}}]},"14":{"loc":{"start":{"line":148,"column":10},"end":{"line":148,"column":90}},"type":"binary-expr","locations":[{"start":{"line":148,"column":10},"end":{"line":148,"column":44}},{"start":{"line":148,"column":48},"end":{"line":148,"column":90}}]},"15":{"loc":{"start":{"line":159,"column":6},"end":{"line":162,"column":7}},"type":"if","locations":[{"start":{"line":159,"column":6},"end":{"line":162,"column":7}},{"start":{},"end":{}}]},"16":{"loc":{"start":{"line":177,"column":4},"end":{"line":186,"column":5}},"type":"if","locations":[{"start":{"line":177,"column":4},"end":{"line":186,"column":5}},{"start":{},"end":{}}]},"17":{"loc":{"start":{"line":193,"column":10},"end":{"line":198,"column":23}},"type":"cond-expr","locations":[{"start":{"line":194,"column":14},"end":{"line":194,"column":52}},{"start":{"line":195,"column":14},"end":{"line":198,"column":23}}]},"18":{"loc":{"start":{"line":219,"column":6},"end":{"line":221,"column":7}},"type":"if","locations":[{"start":{"line":219,"column":6},"end":{"line":221,"column":7}},{"start":{},"end":{}}]},"19":{"loc":{"start":{"line":224,"column":25},"end":{"line":224,"column":90}},"type":"cond-expr","locations":[{"start":{"line":224,"column":40},"end":{"line":224,"column":81}},{"start":{"line":224,"column":84},"end":{"line":224,"column":90}}]},"20":{"loc":{"start":{"line":230,"column":8},"end":{"line":232,"column":9}},"type":"if","locations":[{"start":{"line":230,"column":8},"end":{"line":232,"column":9}},{"start":{},"end":{}}]},"21":{"loc":{"start":{"line":237,"column":8},"end":{"line":239,"column":9}},"type":"if","locations":[{"start":{"line":237,"column":8},"end":{"line":239,"column":9}},{"start":{},"end":{}}]},"22":{"loc":{"start":{"line":237,"column":12},"end":{"line":237,"column":45}},"type":"binary-expr","locations":[{"start":{"line":237,"column":12},"end":{"line":237,"column":17}},{"start":{"line":237,"column":21},"end":{"line":237,"column":45}}]},"23":{"loc":{"start":{"line":242,"column":6},"end":{"line":247,"column":7}},"type":"if","locations":[{"start":{"line":242,"column":6},"end":{"line":247,"column":7}},{"start":{},"end":{}}]},"24":{"loc":{"start":{"line":254,"column":11},"end":{"line":254,"column":69}},"type":"binary-expr","locations":[{"start":{"line":254,"column":11},"end":{"line":254,"column":32}},{"start":{"line":254,"column":36},"end":{"line":254,"column":69}}]},"25":{"loc":{"start":{"line":292,"column":8},"end":{"line":294,"column":9}},"type":"if","locations":[{"start":{"line":292,"column":8},"end":{"line":294,"column":9}},{"start":{},"end":{}}]},"26":{"loc":{"start":{"line":307,"column":6},"end":{"line":314,"column":7}},"type":"if","locations":[{"start":{"line":307,"column":6},"end":{"line":314,"column":7}},{"start":{},"end":{}}]},"27":{"loc":{"start":{"line":309,"column":10},"end":{"line":312,"column":11}},"type":"if","locations":[{"start":{"line":309,"column":10},"end":{"line":312,"column":11}},{"start":{},"end":{}}]}},"s":{"0":2,"1":2,"2":2,"3":2,"4":2,"5":2,"6":2,"7":40,"8":40,"9":40,"10":40,"11":40,"12":40,"13":40,"14":40,"15":40,"16":40,"17":40,"18":543,"19":543,"20":543,"21":543,"22":543,"23":2652,"24":3,"25":2649,"26":2649,"27":2649,"28":0,"29":2649,"30":543,"31":2,"32":541,"33":541,"34":2113,"35":541,"36":541,"37":2637,"38":2637,"39":0,"40":0,"41":0,"42":40,"43":4216,"44":4216,"45":0,"46":4216,"47":4216,"48":2378,"49":1838,"50":1838,"51":1579,"52":1579,"53":259,"54":259,"55":259,"56":259,"57":40,"58":3,"59":40,"60":543,"61":280,"62":40,"63":3,"64":15,"65":11,"66":4,"67":4,"68":4,"69":4,"70":4,"71":11,"72":4,"73":7,"74":7,"75":7,"76":7,"77":7,"78":5,"79":4,"80":4,"81":4,"82":4,"83":4,"84":1,"85":1,"86":263,"87":281,"88":1,"89":0,"90":0,"91":0,"92":0,"93":0,"94":0,"95":0,"96":0,"97":0,"98":0,"99":0,"100":0,"101":0,"102":0,"103":0,"104":0,"105":0,"106":0,"107":0,"108":4482,"109":4482,"110":4482,"111":4482,"112":4482,"113":4482,"114":100617,"115":100617,"116":4482,"117":2},"f":{"0":40,"1":40,"2":2113,"3":543,"4":280,"5":3,"6":1,"7":263,"8":281,"9":1,"10":0,"11":0,"12":4482,"13":4482},"b":{"0":[40],"1":[40],"2":[40],"3":[37],"4":[0,40],"5":[40,37],"6":[0,543],"7":[3,2649],"8":[0,2649],"9":[2,541],"10":[0,2637],"11":[0,0],"12":[0,4216],"13":[2378,1838],"14":[4216,3513],"15":[1579,259],"16":[3,37],"17":[278,2],"18":[11,4],"19":[0,4],"20":[4,7],"21":[5,2],"22":[7,3],"23":[4,0],"24":[1,1],"25":[0,0],"26":[0,0],"27":[0,0]}}
,"C:\\Users\\USER\\Desktop\\Final Year Research\\project\\backend\\src\\core\\algorithms\\feedback\\feedback-updater.ts": {"path":"C:\\Users\\USER\\Desktop\\Final Year Research\\project\\backend\\src\\core\\algorithms\\feedback\\feedback-updater.ts","statementMap":{"0":{"start":{"line":1,"column":0},"end":{"line":1,"column":82}},"1":{"start":{"line":5,"column":4},"end":{"line":7,"column":5}},"2":{"start":{"line":6,"column":6},"end":{"line":6,"column":68}},"3":{"start":{"line":9,"column":23},"end":{"line":9,"column":59}},"4":{"start":{"line":10,"column":21},"end":{"line":10,"column":40}},"5":{"start":{"line":12,"column":4},"end":{"line":12,"column":75}},"6":{"start":{"line":3,"column":0},"end":{"line":3,"column":13}}},"fnMap":{"0":{"name":"(anonymous_0)","decl":{"start":{"line":4,"column":9},"end":{"line":4,"column":22}},"loc":{"start":{"line":4,"column":68},"end":{"line":13,"column":3}}}},"branchMap":{"0":{"loc":{"start":{"line":5,"column":4},"end":{"line":7,"column":5}},"type":"if","locations":[{"start":{"line":5,"column":4},"end":{"line":7,"column":5}},{"start":{},"end":{}}]},"1":{"loc":{"start":{"line":5,"column":8},"end":{"line":5,"column":69}},"type":"binary-expr","locations":[{"start":{"line":5,"column":8},"end":{"line":5,"column":18}},{"start":{"line":5,"column":22},"end":{"line":5,"column":41}},{"start":{"line":5,"column":45},"end":{"line":5,"column":69}}]},"2":{"loc":{"start":{"line":9,"column":23},"end":{"line":9,"column":59}},"type":"binary-expr","locations":[{"start":{"line":9,"column":23},"end":{"line":9,"column":37}},{"start":{"line":9,"column":41},"end":{"line":9,"column":59}}]}},"s":{"0":2,"1":1,"2":0,"3":1,"4":1,"5":1,"6":2},"f":{"0":1},"b":{"0":[0,1],"1":[1,1,1],"2":[1,1]}}
,"C:\\Users\\USER\\Desktop\\Final Year Research\\project\\backend\\src\\core\\algorithms\\filters\\eligibility.filter.ts": {"path":"C:\\Users\\USER\\Desktop\\Final Year Research\\project\\backend\\src\\core\\algorithms\\filters\\eligibility.filter.ts","statementMap":{"0":{"start":{"line":10,"column":4},"end":{"line":12,"column":5}},"1":{"start":{"line":11,"column":6},"end":{"line":11,"column":107}},"2":{"start":{"line":13,"column":4},"end":{"line":15,"column":5}},"3":{"start":{"line":14,"column":6},"end":{"line":14,"column":93}},"4":{"start":{"line":16,"column":4},"end":{"line":18,"column":5}},"5":{"start":{"line":17,"column":6},"end":{"line":17,"column":91}},"6":{"start":{"line":19,"column":4},"end":{"line":21,"column":5}},"7":{"start":{"line":20,"column":6},"end":{"line":20,"column":67}},"8":{"start":{"line":22,"column":4},"end":{"line":22,"column":32}},"9":{"start":{"line":26,"column":4},"end":{"line":31,"column":6}},"10":{"start":{"line":35,"column":28},"end":{"line":35,"column":99}},"11":{"start":{"line":36,"column":26},"end":{"line":36,"column":74}},"12":{"start":{"line":36,"column":58},"end":{"line":36,"column":73}},"13":{"start":{"line":37,"column":4},"end":{"line":37,"column":80}},"14":{"start":{"line":37,"column":39},"end":{"line":37,"column":78}},"15":{"start":{"line":42,"column":4},"end":{"line":44,"column":5}},"16":{"start":{"line":43,"column":6},"end":{"line":43,"column":18}},"17":{"start":{"line":45,"column":4},"end":{"line":45,"column":67}},"18":{"start":{"line":50,"column":4},"end":{"line":52,"column":5}},"19":{"start":{"line":51,"column":6},"end":{"line":51,"column":18}},"20":{"start":{"line":53,"column":4},"end":{"line":55,"column":5}},"21":{"start":{"line":54,"column":6},"end":{"line":54,"column":18}},"22":{"start":{"line":56,"column":4},"end":{"line":58,"column":48}},"23":{"start":{"line":57,"column":25},"end":{"line":57,"column":47}},"24":{"start":{"line":62,"column":4},"end":{"line":62,"column":70}},"25":{"start":{"line":67,"column":4},"end":{"line":67,"column":69}},"26":{"start":{"line":67,"column":36},"end":{"line":67,"column":67}},"27":{"start":{"line":8,"column":0},"end":{"line":8,"column":13}}},"fnMap":{"0":{"name":"(anonymous_0)","decl":{"start":{"line":9,"column":9},"end":{"line":9,"column":25}},"loc":{"start":{"line":9,"column":56},"end":{"line":23,"column":3}}},"1":{"name":"(anonymous_1)","decl":{"start":{"line":25,"column":9},"end":{"line":25,"column":19}},"loc":{"start":{"line":25,"column":50},"end":{"line":32,"column":3}}},"2":{"name":"(anonymous_2)","decl":{"start":{"line":34,"column":9},"end":{"line":34,"column":19}},"loc":{"start":{"line":34,"column":50},"end":{"line":38,"column":3}}},"3":{"name":"(anonymous_3)","decl":{"start":{"line":36,"column":51},"end":{"line":36,"column":52}},"loc":{"start":{"line":36,"column":58},"end":{"line":36,"column":73}}},"4":{"name":"(anonymous_4)","decl":{"start":{"line":37,"column":32},"end":{"line":37,"column":33}},"loc":{"start":{"line":37,"column":39},"end":{"line":37,"column":78}}},"5":{"name":"(anonymous_5)","decl":{"start":{"line":40,"column":9},"end":{"line":40,"column":27}},"loc":{"start":{"line":40,"column":58},"end":{"line":46,"column":3}}},"6":{"name":"(anonymous_6)","decl":{"start":{"line":48,"column":9},"end":{"line":48,"column":25}},"loc":{"start":{"line":48,"column":56},"end":{"line":59,"column":3}}},"7":{"name":"(anonymous_7)","decl":{"start":{"line":57,"column":11},"end":{"line":57,"column":12}},"loc":{"start":{"line":57,"column":25},"end":{"line":57,"column":47}}},"8":{"name":"(anonymous_8)","decl":{"start":{"line":61,"column":9},"end":{"line":61,"column":20}},"loc":{"start":{"line":61,"column":33},"end":{"line":63,"column":3}}},"9":{"name":"(anonymous_9)","decl":{"start":{"line":65,"column":9},"end":{"line":65,"column":15}},"loc":{"start":{"line":65,"column":49},"end":{"line":68,"column":3}}},"10":{"name":"(anonymous_10)","decl":{"start":{"line":67,"column":25},"end":{"line":67,"column":26}},"loc":{"start":{"line":67,"column":36},"end":{"line":67,"column":67}}}},"branchMap":{"0":{"loc":{"start":{"line":10,"column":4},"end":{"line":12,"column":5}},"type":"if","locations":[{"start":{"line":10,"column":4},"end":{"line":12,"column":5}},{"start":{},"end":{}}]},"1":{"loc":{"start":{"line":13,"column":4},"end":{"line":15,"column":5}},"type":"if","locations":[{"start":{"line":13,"column":4},"end":{"line":15,"column":5}},{"start":{},"end":{}}]},"2":{"loc":{"start":{"line":16,"column":4},"end":{"line":18,"column":5}},"type":"if","locations":[{"start":{"line":16,"column":4},"end":{"line":18,"column":5}},{"start":{},"end":{}}]},"3":{"loc":{"start":{"line":19,"column":4},"end":{"line":21,"column":5}},"type":"if","locations":[{"start":{"line":19,"column":4},"end":{"line":21,"column":5}},{"start":{},"end":{}}]},"4":{"loc":{"start":{"line":27,"column":6},"end":{"line":30,"column":29}},"type":"binary-expr","locations":[{"start":{"line":27,"column":6},"end":{"line":27,"column":37}},{"start":{"line":28,"column":6},"end":{"line":28,"column":45}},{"start":{"line":29,"column":6},"end":{"line":29,"column":43}},{"start":{"line":30,"column":6},"end":{"line":30,"column":29}}]},"5":{"loc":{"start":{"line":35,"column":28},"end":{"line":35,"column":99}},"type":"cond-expr","locations":[{"start":{"line":35,"column":55},"end":{"line":35,"column":71}},{"start":{"line":35,"column":74},"end":{"line":35,"column":99}}]},"6":{"loc":{"start":{"line":42,"column":4},"end":{"line":44,"column":5}},"type":"if","locations":[{"start":{"line":42,"column":4},"end":{"line":44,"column":5}},{"start":{},"end":{}}]},"7":{"loc":{"start":{"line":42,"column":8},"end":{"line":42,"column":83}},"type":"binary-expr","locations":[{"start":{"line":42,"column":8},"end":{"line":42,"column":44}},{"start":{"line":42,"column":48},"end":{"line":42,"column":83}}]},"8":{"loc":{"start":{"line":50,"column":4},"end":{"line":52,"column":5}},"type":"if","locations":[{"start":{"line":50,"column":4},"end":{"line":52,"column":5}},{"start":{},"end":{}}]},"9":{"loc":{"start":{"line":53,"column":4},"end":{"line":55,"column":5}},"type":"if","locations":[{"start":{"line":53,"column":4},"end":{"line":55,"column":5}},{"start":{},"end":{}}]},"10":{"loc":{"start":{"line":62,"column":11},"end":{"line":62,"column":69}},"type":"binary-expr","locations":[{"start":{"line":62,"column":11},"end":{"line":62,"column":29}},{"start":{"line":62,"column":33},"end":{"line":62,"column":69}}]}},"s":{"0":5,"1":1,"2":4,"3":1,"4":3,"5":1,"6":2,"7":0,"8":2,"9":2693,"10":2698,"11":2698,"12":2698,"13":2698,"14":2699,"15":2695,"16":0,"17":2695,"18":2693,"19":1,"20":2692,"21":0,"22":2692,"23":2692,"24":6204,"25":0,"26":0,"27":2},"f":{"0":5,"1":2693,"2":2698,"3":2698,"4":2699,"5":2695,"6":2693,"7":2692,"8":6204,"9":0,"10":0},"b":{"0":[1,4],"1":[1,3],"2":[1,2],"3":[0,2],"4":[2693,2691,2690,2689],"5":[2698,0],"6":[0,2695],"7":[2695,2695],"8":[1,2692],"9":[0,2692],"10":[6204,6202]}}
,"C:\\Users\\USER\\Desktop\\Final Year Research\\project\\backend\\src\\core\\algorithms\\ranking\\top-k-ranker.ts": {"path":"C:\\Users\\USER\\Desktop\\Final Year Research\\project\\backend\\src\\core\\algorithms\\ranking\\top-k-ranker.ts","statementMap":{"0":{"start":{"line":2,"column":0},"end":{"line":2,"column":90}},"1":{"start":{"line":3,"column":0},"end":{"line":3,"column":62}},"2":{"start":{"line":13,"column":21},"end":{"line":13,"column":41}},"3":{"start":{"line":14,"column":21},"end":{"line":14,"column":39}},"4":{"start":{"line":18,"column":4},"end":{"line":20,"column":5}},"5":{"start":{"line":19,"column":6},"end":{"line":19,"column":16}},"6":{"start":{"line":22,"column":4},"end":{"line":46,"column":19}},"7":{"start":{"line":23,"column":23},"end":{"line":27,"column":8}},"8":{"start":{"line":29,"column":8},"end":{"line":29,"column":84}},"9":{"start":{"line":29,"column":74},"end":{"line":29,"column":84}},"10":{"start":{"line":30,"column":8},"end":{"line":30,"column":83}},"11":{"start":{"line":30,"column":74},"end":{"line":30,"column":83}},"12":{"start":{"line":32,"column":25},"end":{"line":32,"column":61}},"13":{"start":{"line":34,"column":8},"end":{"line":36,"column":9}},"14":{"start":{"line":35,"column":10},"end":{"line":35,"column":26}},"15":{"start":{"line":38,"column":24},"end":{"line":38,"column":76}},"16":{"start":{"line":40,"column":8},"end":{"line":42,"column":9}},"17":{"start":{"line":41,"column":10},"end":{"line":41,"column":25}},"18":{"start":{"line":44,"column":8},"end":{"line":44,"column":59}},"19":{"start":{"line":50,"column":4},"end":{"line":52,"column":5}},"20":{"start":{"line":51,"column":6},"end":{"line":51,"column":16}},"21":{"start":{"line":54,"column":4},"end":{"line":72,"column":19}},"22":{"start":{"line":55,"column":25},"end":{"line":59,"column":8}},"23":{"start":{"line":61,"column":8},"end":{"line":61,"column":84}},"24":{"start":{"line":61,"column":74},"end":{"line":61,"column":84}},"25":{"start":{"line":62,"column":8},"end":{"line":62,"column":83}},"26":{"start":{"line":62,"column":74},"end":{"line":62,"column":83}},"27":{"start":{"line":64,"column":25},"end":{"line":64,"column":61}},"28":{"start":{"line":66,"column":8},"end":{"line":68,"column":9}},"29":{"start":{"line":67,"column":10},"end":{"line":67,"column":26}},"30":{"start":{"line":70,"column":8},"end":{"line":70,"column":63}},"31":{"start":{"line":11,"column":0},"end":{"line":11,"column":13}}},"fnMap":{"0":{"name":"(anonymous_0)","decl":{"start":{"line":12,"column":2},"end":{"line":12,"column":null}},"loc":{"start":{"line":14,"column":60},"end":{"line":15,"column":6}}},"1":{"name":"(anonymous_1)","decl":{"start":{"line":17,"column":9},"end":{"line":17,"column":13}},"loc":{"start":{"line":17,"column":58},"end":{"line":47,"column":3}}},"2":{"name":"(anonymous_2)","decl":{"start":{"line":23,"column":11},"end":{"line":23,"column":12}},"loc":{"start":{"line":23,"column":23},"end":{"line":27,"column":8}}},"3":{"name":"(anonymous_3)","decl":{"start":{"line":28,"column":12},"end":{"line":28,"column":13}},"loc":{"start":{"line":28,"column":28},"end":{"line":45,"column":7}}},"4":{"name":"(anonymous_4)","decl":{"start":{"line":49,"column":9},"end":{"line":49,"column":21}},"loc":{"start":{"line":49,"column":66},"end":{"line":73,"column":3}}},"5":{"name":"(anonymous_5)","decl":{"start":{"line":55,"column":11},"end":{"line":55,"column":12}},"loc":{"start":{"line":55,"column":25},"end":{"line":59,"column":8}}},"6":{"name":"(anonymous_6)","decl":{"start":{"line":60,"column":12},"end":{"line":60,"column":13}},"loc":{"start":{"line":60,"column":28},"end":{"line":71,"column":7}}}},"branchMap":{"0":{"loc":{"start":{"line":13,"column":21},"end":{"line":13,"column":64}},"type":"default-arg","locations":[{"start":{"line":13,"column":41},"end":{"line":13,"column":64}}]},"1":{"loc":{"start":{"line":14,"column":21},"end":{"line":14,"column":60}},"type":"default-arg","locations":[{"start":{"line":14,"column":39},"end":{"line":14,"column":60}}]},"2":{"loc":{"start":{"line":18,"column":4},"end":{"line":20,"column":5}},"type":"if","locations":[{"start":{"line":18,"column":4},"end":{"line":20,"column":5}},{"start":{},"end":{}}]},"3":{"loc":{"start":{"line":29,"column":8},"end":{"line":29,"column":84}},"type":"if","locations":[{"start":{"line":29,"column":8},"end":{"line":29,"column":84}},{"start":{},"end":{}}]},"4":{"loc":{"start":{"line":29,"column":12},"end":{"line":29,"column":72}},"type":"binary-expr","locations":[{"start":{"line":29,"column":12},"end":{"line":29,"column":39}},{"start":{"line":29,"column":43},"end":{"line":29,"column":72}}]},"5":{"loc":{"start":{"line":30,"column":8},"end":{"line":30,"column":83}},"type":"if","locations":[{"start":{"line":30,"column":8},"end":{"line":30,"column":83}},{"start":{},"end":{}}]},"6":{"loc":{"start":{"line":30,"column":12},"end":{"line":30,"column":72}},"type":"binary-expr","locations":[{"start":{"line":30,"column":12},"end":{"line":30,"column":40}},{"start":{"line":30,"column":44},"end":{"line":30,"column":72}}]},"7":{"loc":{"start":{"line":34,"column":8},"end":{"line":36,"column":9}},"type":"if","locations":[{"start":{"line":34,"column":8},"end":{"line":36,"column":9}},{"start":{},"end":{}}]},"8":{"loc":{"start":{"line":40,"column":8},"end":{"line":42,"column":9}},"type":"if","locations":[{"start":{"line":40,"column":8},"end":{"line":42,"column":9}},{"start":{},"end":{}}]},"9":{"loc":{"start":{"line":50,"column":4},"end":{"line":52,"column":5}},"type":"if","locations":[{"start":{"line":50,"column":4},"end":{"line":52,"column":5}},{"start":{},"end":{}}]},"10":{"loc":{"start":{"line":61,"column":8},"end":{"line":61,"column":84}},"type":"if","locations":[{"start":{"line":61,"column":8},"end":{"line":61,"column":84}},{"start":{},"end":{}}]},"11":{"loc":{"start":{"line":61,"column":12},"end":{"line":61,"column":72}},"type":"binary-expr","locations":[{"start":{"line":61,"column":12},"end":{"line":61,"column":39}},{"start":{"line":61,"column":43},"end":{"line":61,"column":72}}]},"12":{"loc":{"start":{"line":62,"column":8},"end":{"line":62,"column":83}},"type":"if","locations":[{"start":{"line":62,"column":8},"end":{"line":62,"column":83}},{"start":{},"end":{}}]},"13":{"loc":{"start":{"line":62,"column":12},"end":{"line":62,"column":72}},"type":"binary-expr","locations":[{"start":{"line":62,"column":12},"end":{"line":62,"column":40}},{"start":{"line":62,"column":44},"end":{"line":62,"column":72}}]},"14":{"loc":{"start":{"line":66,"column":8},"end":{"line":68,"column":9}},"type":"if","locations":[{"start":{"line":66,"column":8},"end":{"line":68,"column":9}},{"start":{},"end":{}}]}},"s":{"0":2,"1":2,"2":1,"3":1,"4":1,"5":0,"6":1,"7":2,"8":1,"9":0,"10":1,"11":0,"12":1,"13":1,"14":0,"15":1,"16":1,"17":0,"18":1,"19":0,"20":0,"21":0,"22":0,"23":0,"24":0,"25":0,"26":0,"27":0,"28":0,"29":0,"30":0,"31":2},"f":{"0":1,"1":1,"2":2,"3":1,"4":0,"5":0,"6":0},"b":{"0":[1],"1":[1],"2":[0,1],"3":[0,1],"4":[1,1],"5":[0,1],"6":[1,0],"7":[0,1],"8":[0,1],"9":[0,0],"10":[0,0],"11":[0,0],"12":[0,0],"13":[0,0],"14":[0,0]}}
,"C:\\Users\\USER\\Desktop\\Final Year Research\\project\\backend\\src\\core\\algorithms\\scorers\\academic.scorer.ts": {"path":"C:\\Users\\USER\\Desktop\\Final Year Research\\project\\backend\\src\\core\\algorithms\\scorers\\academic.scorer.ts","statementMap":{"0":{"start":{"line":1,"column":0},"end":{"line":1,"column":null}},"1":{"start":{"line":21,"column":25},"end":{"line":21,"column":93}},"2":{"start":{"line":22,"column":18},"end":{"line":22,"column":57}},"3":{"start":{"line":23,"column":23},"end":{"line":23,"column":52}},"4":{"start":{"line":25,"column":4},"end":{"line":33,"column":6}},"5":{"start":{"line":38,"column":4},"end":{"line":40,"column":5}},"6":{"start":{"line":39,"column":6},"end":{"line":39,"column":15}},"7":{"start":{"line":42,"column":22},"end":{"line":44,"column":47}},"8":{"start":{"line":43,"column":25},"end":{"line":43,"column":47}},"9":{"start":{"line":46,"column":4},"end":{"line":46,"column":54}},"10":{"start":{"line":50,"column":28},"end":{"line":50,"column":99}},"11":{"start":{"line":51,"column":26},"end":{"line":51,"column":74}},"12":{"start":{"line":51,"column":58},"end":{"line":51,"column":73}},"13":{"start":{"line":52,"column":23},"end":{"line":52,"column":91}},"14":{"start":{"line":52,"column":51},"end":{"line":52,"column":90}},"15":{"start":{"line":54,"column":4},"end":{"line":56,"column":5}},"16":{"start":{"line":55,"column":6},"end":{"line":55,"column":15}},"17":{"start":{"line":58,"column":4},"end":{"line":60,"column":5}},"18":{"start":{"line":59,"column":6},"end":{"line":59,"column":17}},"19":{"start":{"line":62,"column":4},"end":{"line":62,"column":83}},"20":{"start":{"line":66,"column":28},"end":{"line":69,"column":null}},"21":{"start":{"line":68,"column":8},"end":{"line":68,"column":44}},"22":{"start":{"line":72,"column":4},"end":{"line":72,"column":56}},"23":{"start":{"line":76,"column":23},"end":{"line":76,"column":80}},"24":{"start":{"line":77,"column":25},"end":{"line":77,"column":62}},"25":{"start":{"line":79,"column":4},"end":{"line":79,"column":81}},"26":{"start":{"line":17,"column":0},"end":{"line":17,"column":13}}},"fnMap":{"0":{"name":"(anonymous_0)","decl":{"start":{"line":18,"column":9},"end":{"line":18,"column":14}},"loc":{"start":{"line":18,"column":72},"end":{"line":34,"column":3}}},"1":{"name":"(anonymous_1)","decl":{"start":{"line":36,"column":9},"end":{"line":36,"column":20}},"loc":{"start":{"line":36,"column":51},"end":{"line":47,"column":3}}},"2":{"name":"(anonymous_2)","decl":{"start":{"line":43,"column":11},"end":{"line":43,"column":12}},"loc":{"start":{"line":43,"column":25},"end":{"line":43,"column":47}}},"3":{"name":"(anonymous_3)","decl":{"start":{"line":49,"column":9},"end":{"line":49,"column":21}},"loc":{"start":{"line":49,"column":52},"end":{"line":63,"column":3}}},"4":{"name":"(anonymous_4)","decl":{"start":{"line":51,"column":51},"end":{"line":51,"column":52}},"loc":{"start":{"line":51,"column":58},"end":{"line":51,"column":73}}},"5":{"name":"(anonymous_5)","decl":{"start":{"line":52,"column":44},"end":{"line":52,"column":45}},"loc":{"start":{"line":52,"column":51},"end":{"line":52,"column":90}}},"6":{"name":"(anonymous_6)","decl":{"start":{"line":65,"column":9},"end":{"line":65,"column":27}},"loc":{"start":{"line":65,"column":58},"end":{"line":73,"column":3}}},"7":{"name":"(anonymous_7)","decl":{"start":{"line":67,"column":40},"end":{"line":67,"column":41}},"loc":{"start":{"line":68,"column":8},"end":{"line":68,"column":44}}},"8":{"name":"(anonymous_8)","decl":{"start":{"line":75,"column":9},"end":{"line":75,"column":26}},"loc":{"start":{"line":75,"column":39},"end":{"line":80,"column":3}}}},"branchMap":{"0":{"loc":{"start":{"line":38,"column":4},"end":{"line":40,"column":5}},"type":"if","locations":[{"start":{"line":38,"column":4},"end":{"line":40,"column":5}},{"start":{},"end":{}}]},"1":{"loc":{"start":{"line":38,"column":8},"end":{"line":38,"column":62}},"type":"binary-expr","locations":[{"start":{"line":38,"column":8},"end":{"line":38,"column":25}},{"start":{"line":38,"column":29},"end":{"line":38,"column":62}}]},"2":{"loc":{"start":{"line":46,"column":11},"end":{"line":46,"column":53}},"type":"cond-expr","locations":[{"start":{"line":46,"column":23},"end":{"line":46,"column":24}},{"start":{"line":46,"column":27},"end":{"line":46,"column":53}}]},"3":{"loc":{"start":{"line":50,"column":28},"end":{"line":50,"column":99}},"type":"cond-expr","locations":[{"start":{"line":50,"column":55},"end":{"line":50,"column":71}},{"start":{"line":50,"column":74},"end":{"line":50,"column":99}}]},"4":{"loc":{"start":{"line":54,"column":4},"end":{"line":56,"column":5}},"type":"if","locations":[{"start":{"line":54,"column":4},"end":{"line":56,"column":5}},{"start":{},"end":{}}]},"5":{"loc":{"start":{"line":58,"column":4},"end":{"line":60,"column":5}},"type":"if","locations":[{"start":{"line":58,"column":4},"end":{"line":60,"column":5}},{"start":{},"end":{}}]},"6":{"loc":{"start":{"line":58,"column":8},"end":{"line":58,"column":72}},"type":"binary-expr","locations":[{"start":{"line":58,"column":8},"end":{"line":58,"column":38}},{"start":{"line":58,"column":42},"end":{"line":58,"column":72}}]},"7":{"loc":{"start":{"line":62,"column":11},"end":{"line":62,"column":82}},"type":"cond-expr","locations":[{"start":{"line":62,"column":75},"end":{"line":62,"column":76}},{"start":{"line":62,"column":79},"end":{"line":62,"column":82}}]},"8":{"loc":{"start":{"line":77,"column":25},"end":{"line":77,"column":62}},"type":"binary-expr","locations":[{"start":{"line":77,"column":25},"end":{"line":77,"column":40}},{"start":{"line":77,"column":44},"end":{"line":77,"column":62}}]}},"s":{"0":2,"1":2687,"2":2687,"3":2687,"4":2687,"5":2691,"6":2,"7":2689,"8":2689,"9":2689,"10":2687,"11":2687,"12":2687,"13":2687,"14":2687,"15":2687,"16":0,"17":2687,"18":0,"19":2687,"20":2687,"21":2687,"22":2687,"23":2688,"24":2688,"25":2688,"26":2},"f":{"0":2687,"1":2691,"2":2689,"3":2687,"4":2687,"5":2687,"6":2687,"7":2687,"8":2688},"b":{"0":[2,2689],"1":[2691,2690],"2":[2687,2],"3":[2687,0],"4":[0,2687],"5":[0,2687],"6":[2687,2687],"7":[2687,0],"8":[2688,1]}}
,"C:\\Users\\USER\\Desktop\\Final Year Research\\project\\backend\\src\\core\\algorithms\\scorers\\composite.scorer.ts": {"path":"C:\\Users\\USER\\Desktop\\Final Year Research\\project\\backend\\src\\core\\algorithms\\scorers\\composite.scorer.ts","statementMap":{"0":{"start":{"line":1,"column":0},"end":{"line":1,"column":null}},"1":{"start":{"line":8,"column":0},"end":{"line":8,"column":51}},"2":{"start":{"line":9,"column":0},"end":{"line":9,"column":51}},"3":{"start":{"line":10,"column":0},"end":{"line":10,"column":55}},"4":{"start":{"line":11,"column":0},"end":{"line":11,"column":51}},"5":{"start":{"line":15,"column":21},"end":{"line":15,"column":38}},"6":{"start":{"line":16,"column":21},"end":{"line":16,"column":40}},"7":{"start":{"line":17,"column":21},"end":{"line":17,"column":38}},"8":{"start":{"line":18,"column":21},"end":{"line":18,"column":38}},"9":{"start":{"line":24,"column":4},"end":{"line":26,"column":6}},"10":{"start":{"line":30,"column":28},"end":{"line":30,"column":65}},"11":{"start":{"line":31,"column":21},"end":{"line":31,"column":79}},"12":{"start":{"line":32,"column":23},"end":{"line":32,"column":83}},"13":{"start":{"line":33,"column":21},"end":{"line":33,"column":62}},"14":{"start":{"line":34,"column":21},"end":{"line":34,"column":53}},"15":{"start":{"line":36,"column":6},"end":{"line":39,"column":38}},"16":{"start":{"line":41,"column":4},"end":{"line":57,"column":6}},"17":{"start":{"line":61,"column":28},"end":{"line":61,"column":65}},"18":{"start":{"line":62,"column":4},"end":{"line":62,"column":99}},"19":{"start":{"line":70,"column":4},"end":{"line":74,"column":6}},"20":{"start":{"line":86,"column":21},"end":{"line":86,"column":53}},"21":{"start":{"line":88,"column":6},"end":{"line":91,"column":30}},"22":{"start":{"line":93,"column":4},"end":{"line":97,"column":6}},"23":{"start":{"line":13,"column":0},"end":{"line":13,"column":13}}},"fnMap":{"0":{"name":"(anonymous_0)","decl":{"start":{"line":14,"column":2},"end":{"line":14,"column":null}},"loc":{"start":{"line":18,"column":58},"end":{"line":19,"column":6}}},"1":{"name":"(anonymous_1)","decl":{"start":{"line":23,"column":9},"end":{"line":23,"column":21}},"loc":{"start":{"line":23,"column":38},"end":{"line":27,"column":3}}},"2":{"name":"(anonymous_2)","decl":{"start":{"line":29,"column":9},"end":{"line":29,"column":14}},"loc":{"start":{"line":29,"column":73},"end":{"line":58,"column":3}}},"3":{"name":"(anonymous_3)","decl":{"start":{"line":60,"column":9},"end":{"line":60,"column":20}},"loc":{"start":{"line":60,"column":79},"end":{"line":63,"column":3}}},"4":{"name":"(anonymous_4)","decl":{"start":{"line":69,"column":9},"end":{"line":69,"column":29}},"loc":{"start":{"line":69,"column":74},"end":{"line":75,"column":3}}},"5":{"name":"(anonymous_5)","decl":{"start":{"line":81,"column":9},"end":{"line":81,"column":26}},"loc":{"start":{"line":84,"column":29},"end":{"line":98,"column":3}}}},"branchMap":{"0":{"loc":{"start":{"line":15,"column":21},"end":{"line":15,"column":58}},"type":"default-arg","locations":[{"start":{"line":15,"column":38},"end":{"line":15,"column":58}}]},"1":{"loc":{"start":{"line":16,"column":21},"end":{"line":16,"column":62}},"type":"default-arg","locations":[{"start":{"line":16,"column":40},"end":{"line":16,"column":62}}]},"2":{"loc":{"start":{"line":17,"column":21},"end":{"line":17,"column":58}},"type":"default-arg","locations":[{"start":{"line":17,"column":38},"end":{"line":17,"column":58}}]},"3":{"loc":{"start":{"line":18,"column":21},"end":{"line":18,"column":58}},"type":"default-arg","locations":[{"start":{"line":18,"column":38},"end":{"line":18,"column":58}}]},"4":{"loc":{"start":{"line":30,"column":28},"end":{"line":30,"column":65}},"type":"binary-expr","locations":[{"start":{"line":30,"column":28},"end":{"line":30,"column":35}},{"start":{"line":30,"column":39},"end":{"line":30,"column":65}}]},"5":{"loc":{"start":{"line":61,"column":28},"end":{"line":61,"column":65}},"type":"binary-expr","locations":[{"start":{"line":61,"column":28},"end":{"line":61,"column":35}},{"start":{"line":61,"column":39},"end":{"line":61,"column":65}}]}},"s":{"0":2,"1":2,"2":2,"3":2,"4":2,"5":46,"6":46,"7":46,"8":46,"9":563,"10":2684,"11":2684,"12":2684,"13":2684,"14":2684,"15":2684,"16":2684,"17":0,"18":0,"19":2675,"20":263,"21":263,"22":263,"23":2},"f":{"0":46,"1":563,"2":2684,"3":0,"4":2675,"5":263},"b":{"0":[46],"1":[46],"2":[46],"3":[46],"4":[2684,9],"5":[0,0]}}
,"C:\\Users\\USER\\Desktop\\Final Year Research\\project\\backend\\src\\core\\algorithms\\scorers\\fairness.scorer.ts": {"path":"C:\\Users\\USER\\Desktop\\Final Year Research\\project\\backend\\src\\core\\algorithms\\scorers\\fairness.scorer.ts","statementMap":{"0":{"start":{"line":5,"column":4},"end":{"line":7,"column":5}},"1":{"start":{"line":6,"column":6},"end":{"line":6,"column":15}},"2":{"start":{"line":9,"column":27},"end":{"line":9,"column":67}},"3":{"start":{"line":10,"column":27},"end":{"line":10,"column":63}},"4":{"start":{"line":13,"column":4},"end":{"line":13,"column":72}},"5":{"start":{"line":3,"column":0},"end":{"line":3,"column":13}}},"fnMap":{"0":{"name":"(anonymous_0)","decl":{"start":{"line":4,"column":9},"end":{"line":4,"column":14}},"loc":{"start":{"line":4,"column":27},"end":{"line":14,"column":3}}}},"branchMap":{"0":{"loc":{"start":{"line":5,"column":4},"end":{"line":7,"column":5}},"type":"if","locations":[{"start":{"line":5,"column":4},"end":{"line":7,"column":5}},{"start":{},"end":{}}]},"1":{"loc":{"start":{"line":5,"column":8},"end":{"line":5,"column":68}},"type":"binary-expr","locations":[{"start":{"line":5,"column":8},"end":{"line":5,"column":27}},{"start":{"line":5,"column":31},"end":{"line":5,"column":68}}]},"2":{"loc":{"start":{"line":10,"column":27},"end":{"line":10,"column":63}},"type":"cond-expr","locations":[{"start":{"line":10,"column":55},"end":{"line":10,"column":59}},{"start":{"line":10,"column":62},"end":{"line":10,"column":63}}]}},"s":{"0":7440,"1":4,"2":7436,"3":7436,"4":7436,"5":2},"f":{"0":7440},"b":{"0":[4,7436],"1":[7440,7438],"2":[5628,1808]}}
,"C:\\Users\\USER\\Desktop\\Final Year Research\\project\\backend\\src\\core\\algorithms\\scorers\\preference.scorer.ts": {"path":"C:\\Users\\USER\\Desktop\\Final Year Research\\project\\backend\\src\\core\\algorithms\\scorers\\preference.scorer.ts","statementMap":{"0":{"start":{"line":1,"column":0},"end":{"line":1,"column":91}},"1":{"start":{"line":3,"column":0},"end":{"line":3,"column":64}},"2":{"start":{"line":18,"column":18},"end":{"line":18,"column":54}},"3":{"start":{"line":19,"column":19},"end":{"line":19,"column":59}},"4":{"start":{"line":20,"column":19},"end":{"line":20,"column":59}},"5":{"start":{"line":22,"column":4},"end":{"line":30,"column":6}},"6":{"start":{"line":34,"column":4},"end":{"line":34,"column":82}},"7":{"start":{"line":41,"column":19},"end":{"line":41,"column":57}},"8":{"start":{"line":42,"column":23},"end":{"line":42,"column":63}},"9":{"start":{"line":44,"column":4},"end":{"line":46,"column":5}},"10":{"start":{"line":45,"column":6},"end":{"line":45,"column":15}},"11":{"start":{"line":48,"column":4},"end":{"line":50,"column":5}},"12":{"start":{"line":49,"column":6},"end":{"line":49,"column":36}},"13":{"start":{"line":52,"column":4},"end":{"line":52,"column":59}},"14":{"start":{"line":56,"column":19},"end":{"line":56,"column":44}},"15":{"start":{"line":57,"column":4},"end":{"line":57,"column":55}},"16":{"start":{"line":61,"column":4},"end":{"line":63,"column":5}},"17":{"start":{"line":62,"column":6},"end":{"line":62,"column":15}},"18":{"start":{"line":65,"column":4},"end":{"line":67,"column":5}},"19":{"start":{"line":66,"column":6},"end":{"line":66,"column":17}},"20":{"start":{"line":69,"column":4},"end":{"line":71,"column":10}},"21":{"start":{"line":75,"column":4},"end":{"line":79,"column":6}},"22":{"start":{"line":83,"column":4},"end":{"line":87,"column":6}},"23":{"start":{"line":91,"column":4},"end":{"line":93,"column":5}},"24":{"start":{"line":92,"column":6},"end":{"line":92,"column":39}},"25":{"start":{"line":95,"column":4},"end":{"line":97,"column":5}},"26":{"start":{"line":96,"column":6},"end":{"line":96,"column":36}},"27":{"start":{"line":99,"column":4},"end":{"line":99,"column":21}},"28":{"start":{"line":12,"column":0},"end":{"line":12,"column":13}}},"fnMap":{"0":{"name":"(anonymous_0)","decl":{"start":{"line":13,"column":9},"end":{"line":13,"column":14}},"loc":{"start":{"line":16,"column":29},"end":{"line":31,"column":3}}},"1":{"name":"(anonymous_1)","decl":{"start":{"line":33,"column":9},"end":{"line":33,"column":24}},"loc":{"start":{"line":33,"column":55},"end":{"line":35,"column":3}}},"2":{"name":"(anonymous_2)","decl":{"start":{"line":37,"column":9},"end":{"line":37,"column":28}},"loc":{"start":{"line":37,"column":59},"end":{"line":53,"column":3}}},"3":{"name":"(anonymous_3)","decl":{"start":{"line":55,"column":10},"end":{"line":55,"column":24}},"loc":{"start":{"line":55,"column":57},"end":{"line":58,"column":3}}},"4":{"name":"(anonymous_4)","decl":{"start":{"line":60,"column":9},"end":{"line":60,"column":28}},"loc":{"start":{"line":60,"column":59},"end":{"line":72,"column":3}}},"5":{"name":"(anonymous_5)","decl":{"start":{"line":74,"column":10},"end":{"line":74,"column":23}},"loc":{"start":{"line":74,"column":40},"end":{"line":80,"column":3}}},"6":{"name":"(anonymous_6)","decl":{"start":{"line":82,"column":10},"end":{"line":82,"column":21}},"loc":{"start":{"line":82,"column":34},"end":{"line":88,"column":3}}},"7":{"name":"(anonymous_7)","decl":{"start":{"line":90,"column":10},"end":{"line":90,"column":33}},"loc":{"start":{"line":90,"column":66},"end":{"line":100,"column":3}}}},"branchMap":{"0":{"loc":{"start":{"line":44,"column":4},"end":{"line":46,"column":5}},"type":"if","locations":[{"start":{"line":44,"column":4},"end":{"line":46,"column":5}},{"start":{},"end":{}}]},"1":{"loc":{"start":{"line":48,"column":4},"end":{"line":50,"column":5}},"type":"if","locations":[{"start":{"line":48,"column":4},"end":{"line":50,"column":5}},{"start":{},"end":{}}]},"2":{"loc":{"start":{"line":49,"column":13},"end":{"line":49,"column":35}},"type":"cond-expr","locations":[{"start":{"line":49,"column":30},"end":{"line":49,"column":31}},{"start":{"line":49,"column":34},"end":{"line":49,"column":35}}]},"3":{"loc":{"start":{"line":56,"column":26},"end":{"line":56,"column":43}},"type":"binary-expr","locations":[{"start":{"line":56,"column":26},"end":{"line":56,"column":31}},{"start":{"line":56,"column":35},"end":{"line":56,"column":43}}]},"4":{"loc":{"start":{"line":57,"column":11},"end":{"line":57,"column":54}},"type":"cond-expr","locations":[{"start":{"line":57,"column":37},"end":{"line":57,"column":43}},{"start":{"line":57,"column":46},"end":{"line":57,"column":54}}]},"5":{"loc":{"start":{"line":61,"column":4},"end":{"line":63,"column":5}},"type":"if","locations":[{"start":{"line":61,"column":4},"end":{"line":63,"column":5}},{"start":{},"end":{}}]},"6":{"loc":{"start":{"line":65,"column":4},"end":{"line":67,"column":5}},"type":"if","locations":[{"start":{"line":65,"column":4},"end":{"line":67,"column":5}},{"start":{},"end":{}}]},"7":{"loc":{"start":{"line":65,"column":8},"end":{"line":65,"column":40}},"type":"binary-expr","locations":[{"start":{"line":65,"column":8},"end":{"line":65,"column":23}},{"start":{"line":65,"column":27},"end":{"line":65,"column":40}}]},"8":{"loc":{"start":{"line":69,"column":11},"end":{"line":71,"column":9}},"type":"cond-expr","locations":[{"start":{"line":70,"column":8},"end":{"line":70,"column":9}},{"start":{"line":71,"column":8},"end":{"line":71,"column":9}}]},"9":{"loc":{"start":{"line":91,"column":4},"end":{"line":93,"column":5}},"type":"if","locations":[{"start":{"line":91,"column":4},"end":{"line":93,"column":5}},{"start":{},"end":{}}]},"10":{"loc":{"start":{"line":95,"column":4},"end":{"line":97,"column":5}},"type":"if","locations":[{"start":{"line":95,"column":4},"end":{"line":97,"column":5}},{"start":{},"end":{}}]}},"s":{"0":2,"1":2,"2":2686,"3":2686,"4":2686,"5":2686,"6":2689,"7":2693,"8":2693,"9":2693,"10":2668,"11":25,"12":1,"13":24,"14":5386,"15":5386,"16":2690,"17":2686,"18":4,"19":1,"20":3,"21":2689,"22":2689,"23":2689,"24":2,"25":2687,"26":2687,"27":0,"28":2},"f":{"0":2686,"1":2689,"2":2693,"3":5386,"4":2690,"5":2689,"6":2689,"7":2689},"b":{"0":[2668,25],"1":[1,24],"2":[1,0],"3":[5386,0],"4":[5386,0],"5":[2686,4],"6":[1,3],"7":[4,4],"8":[1,2],"9":[2,2687],"10":[2687,0]}}
,"C:\\Users\\USER\\Desktop\\Final Year Research\\project\\backend\\src\\core\\algorithms\\scorers\\schedule.scorer.ts": {"path":"C:\\Users\\USER\\Desktop\\Final Year Research\\project\\backend\\src\\core\\algorithms\\scorers\\schedule.scorer.ts","statementMap":{"0":{"start":{"line":2,"column":0},"end":{"line":2,"column":62}},"1":{"start":{"line":6,"column":29},"end":{"line":8,"column":null}},"2":{"start":{"line":7,"column":23},"end":{"line":7,"column":53}},"3":{"start":{"line":11,"column":4},"end":{"line":17,"column":5}},"4":{"start":{"line":12,"column":6},"end":{"line":16,"column":8}},"5":{"start":{"line":19,"column":31},"end":{"line":29,"column":null}},"6":{"start":{"line":21,"column":39},"end":{"line":24,"column":13}},"7":{"start":{"line":22,"column":31},"end":{"line":22,"column":63}},"8":{"start":{"line":23,"column":10},"end":{"line":23,"column":78}},"9":{"start":{"line":27,"column":8},"end":{"line":27,"column":94}},"10":{"start":{"line":32,"column":4},"end":{"line":32,"column":62}},"11":{"start":{"line":4,"column":0},"end":{"line":4,"column":13}}},"fnMap":{"0":{"name":"(anonymous_0)","decl":{"start":{"line":5,"column":9},"end":{"line":5,"column":14}},"loc":{"start":{"line":5,"column":45},"end":{"line":33,"column":3}}},"1":{"name":"(anonymous_1)","decl":{"start":{"line":7,"column":6},"end":{"line":7,"column":7}},"loc":{"start":{"line":7,"column":23},"end":{"line":7,"column":53}}},"2":{"name":"(anonymous_2)","decl":{"start":{"line":20,"column":6},"end":{"line":20,"column":7}},"loc":{"start":{"line":20,"column":36},"end":{"line":28,"column":7}}},"3":{"name":"(anonymous_3)","decl":{"start":{"line":21,"column":65},"end":{"line":21,"column":66}},"loc":{"start":{"line":21,"column":93},"end":{"line":24,"column":9}}}},"branchMap":{"0":{"loc":{"start":{"line":11,"column":4},"end":{"line":17,"column":5}},"type":"if","locations":[{"start":{"line":11,"column":4},"end":{"line":17,"column":5}},{"start":{},"end":{}}]},"1":{"loc":{"start":{"line":23,"column":40},"end":{"line":23,"column":76}},"type":"binary-expr","locations":[{"start":{"line":23,"column":40},"end":{"line":23,"column":71}},{"start":{"line":23,"column":75},"end":{"line":23,"column":76}}]}},"s":{"0":2,"1":2687,"2":2686,"3":2687,"4":1,"5":2686,"6":2686,"7":2687,"8":2687,"9":2686,"10":2686,"11":2},"f":{"0":2687,"1":2686,"2":2686,"3":2687},"b":{"0":[1,2686],"1":[2687,0]}}
,"C:\\Users\\USER\\Desktop\\Final Year Research\\project\\backend\\src\\core\\algorithms\\utils\\max-heap.ts": {"path":"C:\\Users\\USER\\Desktop\\Final Year Research\\project\\backend\\src\\core\\algorithms\\utils\\max-heap.ts","statementMap":{"0":{"start":{"line":8,"column":42},"end":{"line":8,"column":44}},"1":{"start":{"line":11,"column":4},"end":{"line":11,"column":29}},"2":{"start":{"line":15,"column":4},"end":{"line":15,"column":41}},"3":{"start":{"line":16,"column":4},"end":{"line":16,"column":41}},"4":{"start":{"line":20,"column":4},"end":{"line":22,"column":5}},"5":{"start":{"line":21,"column":6},"end":{"line":21,"column":18}},"6":{"start":{"line":24,"column":18},"end":{"line":24,"column":31}},"7":{"start":{"line":25,"column":17},"end":{"line":25,"column":33}},"8":{"start":{"line":27,"column":4},"end":{"line":30,"column":5}},"9":{"start":{"line":28,"column":6},"end":{"line":28,"column":27}},"10":{"start":{"line":29,"column":6},"end":{"line":29,"column":25}},"11":{"start":{"line":32,"column":4},"end":{"line":32,"column":17}},"12":{"start":{"line":36,"column":23},"end":{"line":36,"column":28}},"13":{"start":{"line":38,"column":4},"end":{"line":47,"column":5}},"14":{"start":{"line":39,"column":26},"end":{"line":39,"column":60}},"15":{"start":{"line":41,"column":6},"end":{"line":43,"column":7}},"16":{"start":{"line":42,"column":8},"end":{"line":42,"column":15}},"17":{"start":{"line":45,"column":6},"end":{"line":45,"column":43}},"18":{"start":{"line":46,"column":6},"end":{"line":46,"column":33}},"19":{"start":{"line":51,"column":23},"end":{"line":51,"column":28}},"20":{"start":{"line":53,"column":4},"end":{"line":78,"column":5}},"21":{"start":{"line":54,"column":24},"end":{"line":54,"column":44}},"22":{"start":{"line":55,"column":25},"end":{"line":55,"column":45}},"23":{"start":{"line":56,"column":25},"end":{"line":56,"column":37}},"24":{"start":{"line":58,"column":6},"end":{"line":63,"column":7}},"25":{"start":{"line":62,"column":8},"end":{"line":62,"column":33}},"26":{"start":{"line":65,"column":6},"end":{"line":70,"column":7}},"27":{"start":{"line":69,"column":8},"end":{"line":69,"column":34}},"28":{"start":{"line":72,"column":6},"end":{"line":74,"column":7}},"29":{"start":{"line":73,"column":8},"end":{"line":73,"column":15}},"30":{"start":{"line":76,"column":6},"end":{"line":76,"column":44}},"31":{"start":{"line":77,"column":6},"end":{"line":77,"column":34}},"32":{"start":{"line":82,"column":17},"end":{"line":82,"column":38}},"33":{"start":{"line":83,"column":4},"end":{"line":83,"column":51}},"34":{"start":{"line":84,"column":4},"end":{"line":84,"column":34}},"35":{"start":{"line":7,"column":0},"end":{"line":7,"column":13}}},"fnMap":{"0":{"name":"(anonymous_0)","decl":{"start":{"line":10,"column":2},"end":{"line":10,"column":13}},"loc":{"start":{"line":10,"column":17},"end":{"line":12,"column":3}}},"1":{"name":"(anonymous_1)","decl":{"start":{"line":14,"column":9},"end":{"line":14,"column":13}},"loc":{"start":{"line":14,"column":40},"end":{"line":17,"column":3}}},"2":{"name":"(anonymous_2)","decl":{"start":{"line":19,"column":9},"end":{"line":19,"column":12}},"loc":{"start":{"line":19,"column":12},"end":{"line":33,"column":3}}},"3":{"name":"(anonymous_3)","decl":{"start":{"line":35,"column":10},"end":{"line":35,"column":18}},"loc":{"start":{"line":35,"column":32},"end":{"line":48,"column":3}}},"4":{"name":"(anonymous_4)","decl":{"start":{"line":50,"column":10},"end":{"line":50,"column":20}},"loc":{"start":{"line":50,"column":34},"end":{"line":79,"column":3}}},"5":{"name":"(anonymous_5)","decl":{"start":{"line":81,"column":10},"end":{"line":81,"column":14}},"loc":{"start":{"line":81,"column":52},"end":{"line":85,"column":3}}}},"branchMap":{"0":{"loc":{"start":{"line":20,"column":4},"end":{"line":22,"column":5}},"type":"if","locations":[{"start":{"line":20,"column":4},"end":{"line":22,"column":5}},{"start":{},"end":{}}]},"1":{"loc":{"start":{"line":27,"column":4},"end":{"line":30,"column":5}},"type":"if","locations":[{"start":{"line":27,"column":4},"end":{"line":30,"column":5}},{"start":{},"end":{}}]},"2":{"loc":{"start":{"line":27,"column":8},"end":{"line":27,"column":37}},"type":"binary-expr","locations":[{"start":{"line":27,"column":8},"end":{"line":27,"column":29}},{"start":{"line":27,"column":33},"end":{"line":27,"column":37}}]},"3":{"loc":{"start":{"line":41,"column":6},"end":{"line":43,"column":7}},"type":"if","locations":[{"start":{"line":41,"column":6},"end":{"line":43,"column":7}},{"start":{},"end":{}}]},"4":{"loc":{"start":{"line":58,"column":6},"end":{"line":63,"column":7}},"type":"if","locations":[{"start":{"line":58,"column":6},"end":{"line":63,"column":7}},{"start":{},"end":{}}]},"5":{"loc":{"start":{"line":59,"column":8},"end":{"line":60,"column":74}},"type":"binary-expr","locations":[{"start":{"line":59,"column":8},"end":{"line":59,"column":37}},{"start":{"line":60,"column":8},"end":{"line":60,"column":74}}]},"6":{"loc":{"start":{"line":65,"column":6},"end":{"line":70,"column":7}},"type":"if","locations":[{"start":{"line":65,"column":6},"end":{"line":70,"column":7}},{"start":{},"end":{}}]},"7":{"loc":{"start":{"line":66,"column":8},"end":{"line":67,"column":75}},"type":"binary-expr","locations":[{"start":{"line":66,"column":8},"end":{"line":66,"column":38}},{"start":{"line":67,"column":8},"end":{"line":67,"column":75}}]},"8":{"loc":{"start":{"line":72,"column":6},"end":{"line":74,"column":7}},"type":"if","locations":[{"start":{"line":72,"column":6},"end":{"line":74,"column":7}},{"start":{},"end":{}}]}},"s":{"0":46,"1":4278,"2":4236,"3":4236,"4":4238,"5":2,"6":4236,"7":4236,"8":4236,"9":4192,"10":4192,"11":4236,"12":4236,"13":4236,"14":7006,"15":7006,"16":3991,"17":3015,"18":3015,"19":4192,"20":4192,"21":22331,"22":22331,"23":22331,"24":22331,"25":17564,"26":22331,"27":8468,"28":22331,"29":4192,"30":18139,"31":18139,"32":21154,"33":21154,"34":21154,"35":2},"f":{"0":4278,"1":4236,"2":4238,"3":4236,"4":4192,"5":21154},"b":{"0":[2,4236],"1":[4192,44],"2":[4236,4192],"3":[3991,3015],"4":[17564,4767],"5":[22331,18690],"6":[8468,13863],"7":[22331,18462],"8":[4192,18139]}}
,"C:\\Users\\USER\\Desktop\\Final Year Research\\project\\backend\\src\\core\\algorithms\\utils\\vector-math.ts": {"path":"C:\\Users\\USER\\Desktop\\Final Year Research\\project\\backend\\src\\core\\algorithms\\utils\\vector-math.ts","statementMap":{"0":{"start":{"line":1,"column":0},"end":{"line":1,"column":16}},"1":{"start":{"line":5,"column":0},"end":{"line":5,"column":16}},"2":{"start":{"line":9,"column":0},"end":{"line":9,"column":16}},"3":{"start":{"line":20,"column":0},"end":{"line":20,"column":16}},"4":{"start":{"line":2,"column":2},"end":{"line":2,"column":86}},"5":{"start":{"line":2,"column":46},"end":{"line":2,"column":81}},"6":{"start":{"line":6,"column":2},"end":{"line":6,"column":78}},"7":{"start":{"line":6,"column":51},"end":{"line":6,"column":72}},"8":{"start":{"line":10,"column":24},"end":{"line":10,"column":39}},"9":{"start":{"line":11,"column":25},"end":{"line":11,"column":41}},"10":{"start":{"line":13,"column":2},"end":{"line":15,"column":3}},"11":{"start":{"line":14,"column":4},"end":{"line":14,"column":15}},"12":{"start":{"line":17,"column":2},"end":{"line":17,"column":61}},"13":{"start":{"line":21,"column":2},"end":{"line":21,"column":66}},"14":{"start":{"line":21,"column":36},"end":{"line":21,"column":63}}},"fnMap":{"0":{"name":"dot","decl":{"start":{"line":1,"column":16},"end":{"line":1,"column":19}},"loc":{"start":{"line":1,"column":51},"end":{"line":3,"column":1}}},"1":{"name":"(anonymous_1)","decl":{"start":{"line":2,"column":21},"end":{"line":2,"column":22}},"loc":{"start":{"line":2,"column":46},"end":{"line":2,"column":81}}},"2":{"name":"magnitude","decl":{"start":{"line":5,"column":16},"end":{"line":5,"column":25}},"loc":{"start":{"line":5,"column":42},"end":{"line":7,"column":1}}},"3":{"name":"(anonymous_3)","decl":{"start":{"line":6,"column":33},"end":{"line":6,"column":34}},"loc":{"start":{"line":6,"column":51},"end":{"line":6,"column":72}}},"4":{"name":"cosineSimilarity","decl":{"start":{"line":9,"column":16},"end":{"line":9,"column":32}},"loc":{"start":{"line":9,"column":64},"end":{"line":18,"column":1}}},"5":{"name":"oneHot","decl":{"start":{"line":20,"column":16},"end":{"line":20,"column":22}},"loc":{"start":{"line":20,"column":74},"end":{"line":22,"column":1}}},"6":{"name":"(anonymous_6)","decl":{"start":{"line":21,"column":20},"end":{"line":21,"column":21}},"loc":{"start":{"line":21,"column":36},"end":{"line":21,"column":63}}}},"branchMap":{"0":{"loc":{"start":{"line":2,"column":63},"end":{"line":2,"column":80}},"type":"binary-expr","locations":[{"start":{"line":2,"column":63},"end":{"line":2,"column":75}},{"start":{"line":2,"column":79},"end":{"line":2,"column":80}}]},"1":{"loc":{"start":{"line":13,"column":2},"end":{"line":15,"column":3}},"type":"if","locations":[{"start":{"line":13,"column":2},"end":{"line":15,"column":3}},{"start":{},"end":{}}]},"2":{"loc":{"start":{"line":13,"column":6},"end":{"line":13,"column":49}},"type":"binary-expr","locations":[{"start":{"line":13,"column":6},"end":{"line":13,"column":25}},{"start":{"line":13,"column":29},"end":{"line":13,"column":49}}]},"3":{"loc":{"start":{"line":21,"column":36},"end":{"line":21,"column":63}},"type":"cond-expr","locations":[{"start":{"line":21,"column":58},"end":{"line":21,"column":59}},{"start":{"line":21,"column":62},"end":{"line":21,"column":63}}]}},"s":{"0":2,"1":2,"2":2,"3":2,"4":2694,"5":18836,"6":5392,"7":37683,"8":2695,"9":2695,"10":2695,"11":3,"12":2692,"13":16136,"14":37652},"f":{"0":2694,"1":18836,"2":5392,"3":37683,"4":2695,"5":16136,"6":37652},"b":{"0":[18836,0],"1":[3,2692],"2":[2695,2693],"3":[16135,21517]}}
,"C:\\Users\\USER\\Desktop\\Final Year Research\\project\\backend\\src\\core\\constants\\defaults.ts": {"path":"C:\\Users\\USER\\Desktop\\Final Year Research\\project\\backend\\src\\core\\constants\\defaults.ts","statementMap":{"0":{"start":{"line":7,"column":13},"end":{"line":7,"column":38}},"1":{"start":{"line":10,"column":13},"end":{"line":10,"column":28}},"2":{"start":{"line":13,"column":13},"end":{"line":13,"column":41}},"3":{"start":{"line":16,"column":13},"end":{"line":16,"column":46}},"4":{"start":{"line":19,"column":13},"end":{"line":19,"column":36}},"5":{"start":{"line":22,"column":13},"end":{"line":22,"column":39}},"6":{"start":{"line":25,"column":13},"end":{"line":25,"column":35}},"7":{"start":{"line":28,"column":13},"end":{"line":28,"column":29}},"8":{"start":{"line":31,"column":13},"end":{"line":31,"column":36}},"9":{"start":{"line":34,"column":13},"end":{"line":34,"column":28}}},"fnMap":{},"branchMap":{},"s":{"0":2,"1":2,"2":2,"3":2,"4":2,"5":2,"6":2,"7":2,"8":2,"9":2},"f":{},"b":{}}
,"C:\\Users\\USER\\Desktop\\Final Year Research\\project\\backend\\src\\core\\constants\\index.ts": {"path":"C:\\Users\\USER\\Desktop\\Final Year Research\\project\\backend\\src\\core\\constants\\index.ts","statementMap":{"0":{"start":{"line":2,"column":0},"end":{"line":2,"column":null}},"1":{"start":{"line":3,"column":2},"end":{"line":3,"column":null}},"2":{"start":{"line":4,"column":2},"end":{"line":4,"column":null}},"3":{"start":{"line":5,"column":2},"end":{"line":5,"column":null}},"4":{"start":{"line":6,"column":2},"end":{"line":6,"column":null}},"5":{"start":{"line":7,"column":2},"end":{"line":7,"column":null}},"6":{"start":{"line":8,"column":2},"end":{"line":8,"column":null}},"7":{"start":{"line":9,"column":2},"end":{"line":9,"column":null}},"8":{"start":{"line":10,"column":2},"end":{"line":10,"column":null}},"9":{"start":{"line":11,"column":2},"end":{"line":11,"column":null}},"10":{"start":{"line":12,"column":2},"end":{"line":12,"column":null}}},"fnMap":{"0":{"name":"(anonymous_0)","decl":{"start":{"line":3,"column":2},"end":{"line":3,"column":23}},"loc":{"start":{"line":3,"column":2},"end":{"line":3,"column":null}}},"1":{"name":"(anonymous_1)","decl":{"start":{"line":4,"column":2},"end":{"line":4,"column":20}},"loc":{"start":{"line":4,"column":2},"end":{"line":4,"column":null}}},"2":{"name":"(anonymous_2)","decl":{"start":{"line":5,"column":2},"end":{"line":5,"column":28}},"loc":{"start":{"line":5,"column":2},"end":{"line":5,"column":null}}},"3":{"name":"(anonymous_3)","decl":{"start":{"line":6,"column":2},"end":{"line":6,"column":18}},"loc":{"start":{"line":6,"column":2},"end":{"line":6,"column":null}}},"4":{"name":"(anonymous_4)","decl":{"start":{"line":7,"column":2},"end":{"line":7,"column":22}},"loc":{"start":{"line":7,"column":2},"end":{"line":7,"column":null}}},"5":{"name":"(anonymous_5)","decl":{"start":{"line":8,"column":2},"end":{"line":8,"column":17}},"loc":{"start":{"line":8,"column":2},"end":{"line":8,"column":null}}},"6":{"name":"(anonymous_6)","decl":{"start":{"line":9,"column":2},"end":{"line":9,"column":11}},"loc":{"start":{"line":9,"column":2},"end":{"line":9,"column":null}}},"7":{"name":"(anonymous_7)","decl":{"start":{"line":10,"column":2},"end":{"line":10,"column
[...]
,"C:\\Users\\USER\\Desktop\\Final Year Research\\project\\backend\\src\\core\\entities\\criterion-weights.vo.ts": {"path":"C:\\Users\\USER\\Desktop\\Final Year Research\\project\\backend\\src\\core\\entities\\criterion-weights.vo.ts","statementMap":{"0":{"start":{"line":1,"column":0},"end":{"line":1,"column":49}},"1":{"start":{"line":27,"column":4},"end":{"line":27,"column":39}},"2":{"start":{"line":28,"column":4},"end":{"line":28,"column":43}},"3":{"start":{"line":29,"column":4},"end":{"line":29,"column":39}},"4":{"start":{"line":30,"column":4},"end":{"line":30,"column":51}},"5":{"start":{"line":31,"column":4},"end":{"line":31,"column":35}},"6":{"start":{"line":32,"column":4},"end":{"line":32,"column":39}},"7":{"start":{"line":36,"column":4},"end":{"line":43,"column":7}},"8":{"start":{"line":47,"column":4},"end":{"line":49,"column":5}},"9":{"start":{"line":48,"column":6},"end":{"line":48,"column":41}},"10":{"start":{"line":51,"column":4},"end":{"line":59,"column":7}},"11":{"start":{"line":63,"column":20},"end":{"line":63,"column":41}},"12":{"start":{"line":65,"column":4},"end":{"line":67,"column":5}},"13":{"start":{"line":65,"column":36},"end":{"line":65,"column":72}},"14":{"start":{"line":66,"column":6},"end":{"line":66,"column":79}},"15":{"start":{"line":69,"column":16},"end":{"line":69,"column":70}},"16":{"start":{"line":69,"column":53},"end":{"line":69,"column":66}},"17":{"start":{"line":71,"column":4},"end":{"line":73,"column":5}},"18":{"start":{"line":72,"column":6},"end":{"line":72,"column":72}},"19":{"start":{"line":75,"column":4},"end":{"line":77,"column":5}},"20":{"start":{"line":76,"column":6},"end":{"line":76,"column":41}},"21":{"start":{"line":80,"column":4},"end":{"line":87,"column":7}},"22":{"start":{"line":91,"column":4},"end":{"line":98,"column":6}},"23":{"start":{"line":13,"column":0},"end":{"line":13,"column":13}}},"fnMap":{"0":{"name":"(anonymous_0)","decl":{"start":{"line":26,"column":2},"end":{"line":26,"column":22}},"loc":{"start":{"line":26,"column":60},"end":{"line":33,"column":3}}},"1":{"name":"(anonymous_1)","decl":{"start":{"line":35,"column":9},"end":{"line":35,"column":15}},"loc":{"start":{"line":35,"column":24},"end":{"line":44,"column":3}}},"2":{"name":"(anonymous_2)","decl":{"start":{"line":46,"column":9},"end":{"line":46,"column":15}},"loc":{"start":{"line":46,"column":50},"end":{"line":60,"column":3}}},"3":{"name":"(anonymous_3)","decl":{"start":{"line":62,"column":9},"end":{"line":62,"column":15}},"loc":{"start":{"line":62,"column":64},"end":{"line":88,"column":3}}},"4":{"name":"(anonymous_4)","decl":{"start":{"line":65,"column":21},"end":{"line":65,"column":22}},"loc":{"start":{"line":65,"column":36},"end":{"line":65,"column":72}}},"5":{"name":"(anonymous_5)","decl":{"start":{"line":69,"column":31},"end":{"line":69,"column":32}},"loc":{"start":{"line":69,"column":53},"end":{"line":69,"column":66}}},"6":{"name":"(anonymous_6)","decl":{"start":{"line":90,"column":9},"end":{"line":90,"column":12}},"loc":{"start":{"line":90,"column":12},"end":{"line":99,"column":3}}}},"branchMap":{"0":{"loc":{"start":{"line":47,"column":4},"end":{"line":49,"column":5}},"type":"if","locations":[{"start":{"line":47,"column":4},"end":{"line":49,"column":5}},{"start":{},"end":{}}]},"1":{"loc":{"start":{"line":52,"column":18},"end":{"line":52,"column":76}},"type":"binary-expr","locations":[{"start":{"line":52,"column":18},"end":{"line":52,"column":34}},{"start":{"line":52,"column":38},"end":{"line":52,"column":76}}]},"2":{"loc":{"start":{"line":53,"column":20},"end":{"line":53,"column":82}},"type":"binary-expr","locations":[{"start":{"line":53,"column":20},"end":{"line":53,"column":38}},{"start":{"line":53,"column":42},"end":{"line":53,"column":82}}]},"3":{"loc":{"start":{"line":54,"column":18},"end":{"line":54,"column":76}},"type":"binary-expr","locations":[{"start":{"line":54,"column":18},"end":{"line":54,"column":34}},{"start":{"line":54,"column":38},"end":{"line":54,"column":76}}]},"4":{"loc":{"start":{"line":56,"column":8},"end":{"line":56,"column":78}},"type":"binary-expr","locations":[{"start":{"line":56,"column":8},"end":{"line":56,"column":30}},{"start":{"line":56,"column":34},"end":{"line":56,"column":78}}]},"5":{"loc":{"start":{"line":57,"column":16},"end":{"line":57,"column":70}},"type":"binary-expr","locations":[{"start":{"line":57,"column":16},"end":{"line":57,"column":30}},{"start":{"line":57,"column":34},"end":{"line":57,"column":70}}]},"6":{"loc":{"start":{"line":58,"column":18},"end":{"line":58,"column":76}},"type":"binary-expr","locations":[{"start":{"line":58,"column":18},"end":{"line":58,"column":34}},{"start":{"line":58,"column":38},"end":{"line":58,"column":76}}]},"7":{"loc":{"start":{"line":65,"column":4},"end":{"line":67,"column":5}},"type":"if","locations":[{"start":{"line":65,"column":4},"end":{"line":67,"column":5}},{"start":{},"end":{}}]},"8":{"loc":{"start":{"line":65,"column":36},"end":{"line":65,"column":72}},"type":"binary-expr","locations":[{"start":{"line":65,"column":36},"end":{"line":65,"column":45}},{"start":{"line":65,"column":49},"end":{"line":65,"column":72}}]},"9":{"loc":{"start":{"line":71,"column":4},"end":{"line":73,"column":5}},"type":"if","locations":[{"start":{"line":71,"column":4},"end":{"line":73,"column":5}},{"start":{},"end":{}}]},"10":{"loc":{"start":{"line":75,"column":4},"end":{"line":77,"column":5}},"type":"if","locations":[{"start":{"line":75,"column":4},"end":{"line":77,"column":5}},{"start":{},"end":{}}]}},"s":{"0":2,"1":1119,"2":1119,"3":1119,"4":1119,"5":1119,"6":1119,"7":1114,"8":1112,"9":1106,"10":6,"11":6,"12":6,"13":31,"14":1,"15":5,"16":30,"17":5,"18":0,"19":5,"20":2,"21":3,"22":1,"23":2},"f":{"0":1119,"1":1114,"2":1112,"3":6,"4":31,"5":30,"6":1},"b":{"0":[1106,6],"1":[6,0],"2":[6,1],"3":[6,1],"4":[6,1],"5":[6,1],"6":[6,1],"7":[1,5],"8":[31,30],"9":[0,5],"10":[2,3]}}
,"C:\\Users\\USER\\Desktop\\Final Year Research\\project\\backend\\src\\core\\entities\\index.ts": {"path":"C:\\Users\\USER\\Desktop\\Final Year Research\\project\\backend\\src\\core\\entities\\index.ts","statementMap":{"0":{"start":{"line":1,"column":0},"end":{"line":1,"column":9}},"1":{"start":{"line":1,"column":9},"end":{"line":1,"column":58}},"2":{"start":{"line":4,"column":0},"end":{"line":4,"column":9}},"3":{"start":{"line":4,"column":9},"end":{"line":4,"column":58}},"4":{"start":{"line":5,"column":0},"end":{"line":5,"column":9}},"5":{"start":{"line":5,"column":9},"end":{"line":5,"column":58}},"6":{"start":{"line":7,"column":0},"end":{"line":7,"column":9}},"7":{"start":{"line":7,"column":9},"end":{"line":7,"column":46}}},"fnMap":{"0":{"name":"(anonymous_0)","decl":{"start":{"line":1,"column":9},"end":{"line":1,"column":25}},"loc":{"start":{"line":1,"column":9},"end":{"line":1,"column":58}}},"1":{"name":"(anonymous_1)","decl":{"start":{"line":4,"column":9},"end":{"line":4,"column":25}},"loc":{"start":{"line":4,"column":9},"end":{"line":4,"column":58}}},"2":{"name":"(anonymous_2)","decl":{"start":{"line":5,"column":9},"end":{"line":5,"column":25}},"loc":{"start":{"line":5,"column":9},"end":{"line":5,"column":58}}},"3":{"name":"(anonymous_3)","decl":{"start":{"line":7,"column":9},"end":{"line":7,"column":19}},"loc":{"start":{"line":7,"column":9},"end":{"line":7,"column":46}}}},"branchMap":{},"s":{"0":2,"1":569,"2":2,"3":725,"4":2,"5":1114,"6":2,"7":2949},"f":{"0":567,"1":723,"2":1112,"3":2947},"b":{}}
,"C:\\Users\\USER\\Desktop\\Final Year Research\\project\\backend\\src\\core\\entities\\match-score.vo.ts": {"path":"C:\\Users\\USER\\Desktop\\Final Year Research\\project\\backend\\src\\core\\entities\\match-score.vo.ts","statementMap":{"0":{"start":{"line":29,"column":4},"end":{"line":29,"column":49}},"1":{"start":{"line":30,"column":4},"end":{"line":30,"column":31}},"2":{"start":{"line":31,"column":4},"end":{"line":31,"column":37}},"3":{"start":{"line":17,"column":0},"end":{"line":17,"column":13}}},"fnMap":{"0":{"name":"(anonymous_0)","decl":{"start":{"line":24,"column":2},"end":{"line":24,"column":null}},"loc":{"start":{"line":27,"column":35},"end":{"line":32,"column":3}}}},"branchMap":{},"s":{"0":2947,"1":2947,"2":2947,"3":2},"f":{"0":2947},"b":{}}
,"C:\\Users\\USER\\Desktop\\Final Year Research\\project\\backend\\src\\core\\enums\\assignment-status.enum.ts": {"path":"C:\\Users\\USER\\Desktop\\Final Year Research\\project\\backend\\src\\core\\enums\\assignment-status.enum.ts","statementMap":{"0":{"start":{"line":2,"column":0},"end":{"line":2,"column":null}},"1":{"start":{"line":4,"column":2},"end":{"line":4,"column":null}},"2":{"start":{"line":7,"column":2},"end":{"line":7,"column":null}},"3":{"start":{"line":10,"column":2},"end":{"line":10,"column":null}},"4":{"start":{"line":13,"column":2},"end":{"line":13,"column":null}}},"fnMap":{"0":{"name":"(anonymous_0)","decl":{"start":{"line":2,"column":0},"end":{"line":2,"column":12}},"loc":{"start":{"line":2,"column":28},"end":{"line":14,"column":1}}}},"branchMap":{"0":{"loc":{"start":{"line":2,"column":12},"end":{"line":2,"column":null}},"type":"binary-expr","locations":[{"start":{"line":2,"column":12},"end":{"line":2,"column":28}},{"start":{"line":2,"column":28},"end":{"line":2,"column":null}}]}},"s":{"0":2,"1":2,"2":2,"3":2,"4":2},"f":{"0":2},"b":{"0":[2,2]}}
,"C:\\Users\\USER\\Desktop\\Final Year Research\\project\\backend\\src\\core\\enums\\delivery-mode.enum.ts": {"path":"C:\\Users\\USER\\Desktop\\Final Year Research\\project\\backend\\src\\core\\enums\\delivery-mode.enum.ts","statementMap":{"0":{"start":{"line":2,"column":0},"end":{"line":2,"column":null}},"1":{"start":{"line":4,"column":2},"end":{"line":4,"column":null}},"2":{"start":{"line":7,"column":2},"end":{"line":7,"column":null}}},"fnMap":{"0":{"name":"(anonymous_0)","decl":{"start":{"line":2,"column":0},"end":{"line":2,"column":12}},"loc":{"start":{"line":2,"column":24},"end":{"line":8,"column":1}}}},"branchMap":{"0":{"loc":{"start":{"line":2,"column":12},"end":{"line":2,"column":null}},"type":"binary-expr","locations":[{"start":{"line":2,"column":12},"end":{"line":2,"column":24}},{"start":{"line":2,"column":24},"end":{"line":2,"column":null}}]}},"s":{"0":2,"1":2,"2":2},"f":{"0":2},"b":{"0":[2,2]}}
,"C:\\Users\\USER\\Desktop\\Final Year Research\\project\\backend\\src\\core\\enums\\exam-type.enum.ts": {"path":"C:\\Users\\USER\\Desktop\\Final Year Research\\project\\backend\\src\\core\\enums\\exam-type.enum.ts","statementMap":{"0":{"start":{"line":5,"column":0},"end":{"line":5,"column":null}},"1":{"start":{"line":6,"column":2},"end":{"line":6,"column":null}},"2":{"start":{"line":7,"column":2},"end":{"line":7,"column":null}},"3":{"start":{"line":8,"column":2},"end":{"line":8,"column":null}}},"fnMap":{"0":{"name":"(anonymous_0)","decl":{"start":{"line":5,"column":0},"end":{"line":5,"column":12}},"loc":{"start":{"line":5,"column":20},"end":{"line":9,"column":1}}}},"branchMap":{"0":{"loc":{"start":{"line":5,"column":12},"end":{"line":5,"column":null}},"type":"binary-expr","locations":[{"start":{"line":5,"column":12},"end":{"line":5,"column":20}},{"start":{"line":5,"column":20},"end":{"line":5,"column":null}}]}},"s":{"0":2,"1":2,"2":2,"3":2},"f":{"0":2},"b":{"0":[2,2]}}
,"C:\\Users\\USER\\Desktop\\Final Year Research\\project\\backend\\src\\core\\enums\\format-preference.enum.ts": {"path":"C:\\Users\\USER\\Desktop\\Final Year Research\\project\\backend\\src\\core\\enums\\format-preference.enum.ts","statementMap":{"0":{"start":{"line":2,"column":0},"end":{"line":2,"column":null}},"1":{"start":{"line":4,"column":2},"end":{"line":4,"column":null}},"2":{"start":{"line":7,"column":2},"end":{"line":7,"column":null}}},"fnMap":{"0":{"name":"(anonymous_0)","decl":{"start":{"line":2,"column":0},"end":{"line":2,"column":12}},"loc":{"start":{"line":2,"column":28},"end":{"line":8,"column":1}}}},"branchMap":{"0":{"loc":{"start":{"line":2,"column":12},"end":{"line":2,"column":null}},"type":"binary-expr","locations":[{"start":{"line":2,"column":12},"end":{"line":2,"column":28}},{"start":{"line":2,"column":28},"end":{"line":2,"column":null}}]}},"s":{"0":2,"1":2,"2":2},"f":{"0":2},"b":{"0":[2,2]}}
,"C:\\Users\\USER\\Desktop\\Final Year Research\\project\\backend\\src\\core\\enums\\index.ts": {"path":"C:\\Users\\USER\\Desktop\\Final Year Research\\project\\backend\\src\\core\\enums\\index.ts","statementMap":{"0":{"start":{"line":2,"column":0},"end":{"line":2,"column":9}},"1":{"start":{"line":2,"column":9},"end":{"line":2,"column":60}},"2":{"start":{"line":3,"column":0},"end":{"line":3,"column":9}},"3":{"start":{"line":3,"column":9},"end":{"line":3,"column":52}},"4":{"start":{"line":4,"column":0},"end":{"line":4,"column":9}},"5":{"start":{"line":4,"column":9},"end":{"line":4,"column":44}},"6":{"start":{"line":5,"column":0},"end":{"line":5,"column":9}},"7":{"start":{"line":5,"column":9},"end":{"line":5,"column":60}},"8":{"start":{"line":6,"column":0},"end":{"line":6,"column":9}},"9":{"start":{"line":6,"column":9},"end":{"line":6,"column":54}},"10":{"start":{"line":7,"column":0},"end":{"line":7,"column":9}},"11":{"start":{"line":7,"column":9},"end":{"line":7,"column":54}}},"fnMap":{"0":{"name":"(anonymous_0)","decl":{"start":{"line":2,"column":9},"end":{"line":2,"column":25}},"loc":{"start":{"line":2,"column":9},"end":{"line":2,"column":60}}},"1":{"name":"(anonymous_1)","decl":{"start":{"line":3,"column":9},"end":{"line":3,"column":21}},"loc":{"start":{"line":3,"column":9},"end":{"line":3,"column":52}}},"2":{"name":"(anonymous_2)","decl":{"start":{"line":4,"column":9},"end":{"line":4,"column":17}},"loc":{"start":{"line":4,"column":9},"end":{"line":4,"column":44}}},"3":{"name":"(anonymous_3)","decl":{"start":{"line":5,"column":9},"end":{"line":5,"column":25}},"loc":{"start":{"line":5,"column":9},"end":{"line":5,"column":60}}},"4":{"name":"(anonymous_4)","decl":{"start":{"line":6,"column":9},"end":{"line":6,"column":22}},"loc":{"start":{"line":6,"column":9},"end":{"line":6,"column":54}}},"5":{"name":"(anonymous_5)","decl":{"start":{"line":7,"column":9},"end":{"line":7,"column":22}},"loc":{"start":{"line":7,"column":9},"end":{"line":7,"column":54}}}},"branchMap":{},"s":{"0":2,"1":553,"2":2,"3":8881,"4":2,"5":2,"6":2,"7":6187,"8":2,"9":8651,"10":2,"11":5603},"f":{"0":551,"1":8879,"2":0,"3":6185,"4":8649,"5":5601},"b":{}}
,"C:\\Users\\USER\\Desktop\\Final Year Research\\project\\backend\\src\\core\\enums\\learning-style.enum.ts": {"path":"C:\\Users\\USER\\Desktop\\Final Year Research\\project\\backend\\src\\core\\enums\\learning-style.enum.ts","statementMap":{"0":{"start":{"line":2,"column":0},"end":{"line":2,"column":null}},"1":{"start":{"line":4,"column":2},"end":{"line":4,"column":null}},"2":{"start":{"line":7,"column":2},"end":{"line":7,"column":null}},"3":{"start":{"line":10,"column":2},"end":{"line":10,"column":null}}},"fnMap":{"0":{"name":"(anonymous_0)","decl":{"start":{"line":2,"column":0},"end":{"line":2,"column":12}},"loc":{"start":{"line":2,"column":25},"end":{"line":11,"column":1}}}},"branchMap":{"0":{"loc":{"start":{"line":2,"column":12},"end":{"line":2,"column":null}},"type":"binary-expr","locations":[{"start":{"line":2,"column":12},"end":{"line":2,"column":25}},{"start":{"line":2,"column":25},"end":{"line":2,"column":null}}]}},"s":{"0":2,"1":2,"2":2,"3":2},"f":{"0":2},"b":{"0":[2,2]}}
,"C:\\Users\\USER\\Desktop\\Final Year Research\\project\\backend\\src\\core\\enums\\teaching-style.enum.ts": {"path":"C:\\Users\\USER\\Desktop\\Final Year Research\\project\\backend\\src\\core\\enums\\teaching-style.enum.ts","statementMap":{"0":{"start":{"line":2,"column":0},"end":{"line":2,"column":null}},"1":{"start":{"line":4,"column":2},"end":{"line":4,"column":null}},"2":{"start":{"line":7,"column":2},"end":{"line":7,"column":null}}},"fnMap":{"0":{"name":"(anonymous_0)","decl":{"start":{"line":2,"column":0},"end":{"line":2,"column":12}},"loc":{"start":{"line":2,"column":25},"end":{"line":8,"column":1}}}},"branchMap":{"0":{"loc":{"start":{"line":2,"column":12},"end":{"line":2,"column":null}},"type":"binary-expr","locations":[{"start":{"line":2,"column":12},"end":{"line":2,"column":25}},{"start":{"line":2,"column":25},"end":{"line":2,"column":null}}]}},"s":{"0":2,"1":2,"2":2},"f":{"0":2},"b":{"0":[2,2]}}
,"C:\\Users\\USER\\Desktop\\Final Year Research\\project\\backend\\src\\core\\exceptions\\incomplete-profile.exception.ts": {"path":"C:\\Users\\USER\\Desktop\\Final Year Research\\project\\backend\\src\\core\\exceptions\\incomplete-profile.exception.ts","statementMap":{"0":{"start":{"line":20,"column":4},"end":{"line":22,"column":6}},"1":{"start":{"line":24,"column":4},"end":{"line":24,"column":45}},"2":{"start":{"line":25,"column":4},"end":{"line":25,"column":29}},"3":{"start":{"line":26,"column":4},"end":{"line":26,"column":33}},"4":{"start":{"line":27,"column":4},"end":{"line":27,"column":37}},"5":{"start":{"line":30,"column":4},"end":{"line":30,"column":70}},"6":{"start":{"line":5,"column":0},"end":{"line":5,"column":13}}},"fnMap":{"0":{"name":"(anonymous_0)","decl":{"start":{"line":15,"column":2},"end":{"line":15,"column":null}},"loc":{"start":{"line":18,"column":24},"end":{"line":31,"column":3}}}},"branchMap":{},"s":{"0":1,"1":1,"2":1,"3":1,"4":1,"5":1,"6":2},"f":{"0":1},"b":{}}
,"C:\\Users\\USER\\Desktop\\Final Year Research\\project\\backend\\src\\core\\exceptions\\index.ts": {"path":"C:\\Users\\USER\\Desktop\\Final Year Research\\project\\backend\\src\\core\\exceptions\\index.ts","statementMap":{"0":{"start":{"line":2,"column":0},"end":{"line":2,"column":9}},"1":{"start":{"line":2,"column":9},"end":{"line":2,"column":76}},"2":{"start":{"line":3,"column":0},"end":{"line":3,"column":9}},"3":{"start":{"line":3,"column":9},"end":{"line":3,"column":75}}},"fnMap":{"0":{"name":"(anonymous_0)","decl":{"start":{"line":2,"column":9},"end":{"line":2,"column":35}},"loc":{"start":{"line":2,"column":9},"end":{"line":2,"column":76}}},"1":{"name":"(anonymous_1)","decl":{"start":{"line":3,"column":9},"end":{"line":3,"column":34}},"loc":{"start":{"line":3,"column":9},"end":{"line":3,"column":75}}}},"branchMap":{},"s":{"0":2,"1":4,"2":2,"3":4},"f":{"0":2,"1":2},"b":{}}
,"C:\\Users\\USER\\Desktop\\Final Year Research\\project\\backend\\src\\core\\exceptions\\no-eligible-tutors.exception.ts": {"path":"C:\\Users\\USER\\Desktop\\Final Year Research\\project\\backend\\src\\core\\exceptions\\no-eligible-tutors.exception.ts","statementMap":{"0":{"start":{"line":14,"column":26},"end":{"line":14,"column":65}},"1":{"start":{"line":15,"column":4},"end":{"line":15,"column":79}},"2":{"start":{"line":17,"column":4},"end":{"line":17,"column":44}},"3":{"start":{"line":18,"column":4},"end":{"line":18,"column":31}},"4":{"start":{"line":19,"column":4},"end":{"line":19,"column":27}},"5":{"start":{"line":22,"column":4},"end":{"line":22,"column":69}},"6":{"start":{"line":6,"column":0},"end":{"line":6,"column":13}}},"fnMap":{"0":{"name":"(anonymous_0)","decl":{"start":{"line":13,"column":2},"end":{"line":13,"column":14}},"loc":{"start":{"line":13,"column":49},"end":{"line":23,"column":3}}}},"branchMap":{"0":{"loc":{"start":{"line":14,"column":26},"end":{"line":14,"column":65}},"type":"cond-expr","locations":[{"start":{"line":14,"column":36},"end":{"line":14,"column":60}},{"start":{"line":14,"column":63},"end":{"line":14,"column":65}}]}},"s":{"0":2,"1":2,"2":2,"3":2,"4":2,"5":2,"6":2},"f":{"0":2},"b":{"0":[2,0]}}
}
