TN:
SF:src\core\index.ts
FNF:0
FNH:0
DA:1,0
DA:2,0
DA:3,0
DA:4,0
DA:5,0
DA:6,0
DA:7,0
LF:7
LH:0
BRF:0
BRH:0
end_of_record
TN:
SF:src\core\algorithms\index.ts
FN:1,(anonymous_0)
FN:3,(anonymous_1)
FN:5,(anonymous_2)
FN:11,(anonymous_3)
FN:12,(anonymous_4)
FN:13,(anonymous_5)
FN:15,(anonymous_6)
FN:17,(anonymous_7)
FN:18,(anonymous_8)
FN:19,(anonymous_9)
FN:21,(anonymous_10)
FN:22,(anonymous_11)
FN:24,(anonymous_12)
FN:24,(anonymous_13)
FN:24,(anonymous_14)
FN:24,(anonymous_15)
FNF:16
FNH:16
FNDA:1,(anonymous_0)
FNDA:2,(anonymous_1)
FNDA:39,(anonymous_2)
FNDA:3,(anonymous_3)
FNDA:1,(anonymous_4)
FNDA:1,(anonymous_5)
FNDA:3,(anonymous_6)
FNDA:5,(anonymous_7)
FNDA:1,(anonymous_8)
FNDA:1,(anonymous_9)
FNDA:2,(anonymous_10)
FNDA:6,(anonymous_11)
FNDA:6,(anonymous_12)
FNDA:2,(anonymous_13)
FNDA:2,(anonymous_14)
FNDA:2,(anonymous_15)
DA:1,3
DA:3,4
DA:5,41
DA:11,5
DA:12,3
DA:13,3
DA:15,5
DA:17,7
DA:18,3
DA:19,3
DA:21,4
DA:22,8
DA:24,8
LF:13
LH:13
BRF:0
BRH:0
end_of_record
TN:
SF:src\core\algorithms\adaptation\weight-adaptation.ts
FN:7,(anonymous_0)
FN:24,(anonymous_1)
FN:26,(anonymous_2)
FNF:3
FNH:3
FNDA:1,(anonymous_0)
FNDA:4,(anonymous_1)
FNDA:3,(anonymous_2)
DA:1,2
DA:2,2
DA:6,2
DA:12,1
DA:19,1
DA:22,1
DA:23,1
DA:24,4
DA:26,3
DA:28,1
DA:29,3
DA:35,1
DA:37,1
DA:43,1
LF:14
LH:14
BRDA:19,0,0,1
BRDA:19,0,1,0
BRDA:30,1,0,0
BRDA:30,1,1,3
BRF:4
BRH:2
end_of_record
TN:
SF:src\core\algorithms\assignment\assignment-lifecycle.ts
FN:11,(anonymous_0)
FN:13,(anonymous_1)
FN:18,(anonymous_2)
FN:30,(anonymous_3)
FN:39,(anonymous_4)
FN:44,(anonymous_5)
FNF:6
FNH:5
FNDA:2,(anonymous_0)
FNDA:0,(anonymous_1)
FNDA:1,(anonymous_2)
FNDA:1,(anonymous_3)
FNDA:1,(anonymous_4)
FNDA:1,(anonymous_5)
DA:2,2
DA:3,2
DA:10,2
DA:11,2
DA:14,0
DA:15,0
DA:23,1
DA:24,1
DA:25,1
DA:27,1
DA:31,1
DA:32,0
DA:35,1
DA:36,1
DA:40,1
DA:41,0
DA:44,1
DA:46,1
DA:47,1
LF:19
LH:15
BRDA:11,0,0,1
BRDA:31,1,0,0
BRDA:31,1,1,1
BRDA:36,2,0,1
BRDA:36,2,1,0
BRDA:40,3,0,0
BRDA:40,3,1,1
BRDA:40,4,0,1
BRDA:40,4,1,1
BRDA:46,5,0,1
BRDA:46,5,1,0
BRF:11
BRH:7
end_of_record
TN:
SF:src\core\algorithms\assignment\greedy-assignment.engine.ts
FN:58,(anonymous_0)
FN:64,(anonymous_1)
FN:122,(anonymous_2)
FN:189,(anonymous_3)
FN:190,(anonymous_4)
FN:210,(anonymous_5)
FN:251,(anonymous_6)
FN:257,(anonymous_7)
FN:271,(anonymous_8)
FN:282,(anonymous_9)
FN:287,(anonymous_10)
FN:301,(anonymous_11)
FN:319,(anonymous_12)
FN:332,(anonymous_13)
FNF:14
FNH:12
FNDA:40,(anonymous_0)
FNDA:40,(anonymous_1)
FNDA:2113,(anonymous_2)
FNDA:543,(anonymous_3)
FNDA:280,(anonymous_4)
FNDA:3,(anonymous_5)
FNDA:1,(anonymous_6)
FNDA:263,(anonymous_7)
FNDA:281,(anonymous_8)
FNDA:1,(anonymous_9)
FNDA:0,(anonymous_10)
FNDA:0,(anonymous_11)
FNDA:4482,(anonymous_12)
FNDA:4482,(anonymous_13)
DA:1,2
DA:2,2
DA:10,2
DA:11,2
DA:12,2
DA:13,2
DA:14,2
DA:57,2
DA:59,40
DA:60,40
DA:61,40
DA:74,40
DA:75,40
DA:76,40
DA:77,40
DA:78,40
DA:86,40
DA:87,40
DA:89,40
DA:91,543
DA:92,543
DA:93,543
DA:100,543
DA:102,543
DA:103,2652
DA:104,3
DA:107,2649
DA:108,2649
DA:109,2649
DA:110,0
DA:112,2649
DA:115,543
DA:116,2
DA:119,541
DA:122,2113
DA:123,541
DA:125,541
DA:126,2637
DA:130,2637
DA:131,0
DA:132,0
DA:133,0
DA:139,40
DA:140,4216
DA:142,4216
DA:143,0
DA:146,4216
DA:148,4216
DA:149,2378
DA:152,1838
DA:159,1838
DA:160,1579
DA:161,1579
DA:166,259
DA:167,259
DA:168,259
DA:169,259
DA:177,40
DA:178,3
DA:188,40
DA:189,543
DA:191,280
DA:202,40
DA:218,3
DA:219,15
DA:220,11
DA:223,4
DA:224,4
DA:226,4
DA:227,4
DA:229,4
DA:230,11
DA:231,4
DA:233,7
DA:234,7
DA:235,7
DA:236,7
DA:237,7
DA:238,5
DA:242,4
DA:243,4
DA:244,4
DA:245,4
DA:246,4
DA:252,1
DA:254,1
DA:262,263
DA:272,281
DA:284,1
DA:288,0
DA:289,0
DA:290,0
DA:291,0
DA:292,0
DA:293,0
DA:295,0
DA:298,0
DA:302,0
DA:303,0
DA:304,0
DA:305,0
DA:306,0
DA:307,0
DA:308,0
DA:309,0
DA:310,0
DA:311,0
DA:316,0
DA:325,4482
DA:326,4482
DA:327,4482
DA:329,4482
DA:333,4482
DA:335,4482
DA:336,100617
DA:337,100617
DA:340,4482
LF:117
LH:93
BRDA:59,0,0,40
BRDA:60,1,0,40
BRDA:61,2,0,40
BRDA:67,3,0,37
BRDA:86,4,0,0
BRDA:86,4,1,40
BRDA:87,5,0,40
BRDA:87,5,1,37
BRDA:93,6,0,0
BRDA:93,6,1,543
BRDA:103,7,0,3
BRDA:103,7,1,2649
BRDA:109,8,0,0
BRDA:109,8,1,2649
BRDA:115,9,0,2
BRDA:115,9,1,541
BRDA:130,10,0,0
BRDA:130,10,1,2637
BRDA:132,11,0,0
BRDA:132,11,1,0
BRDA:142,12,0,0
BRDA:142,12,1,4216
BRDA:148,13,0,2378
BRDA:148,13,1,1838
BRDA:148,14,0,4216
BRDA:148,14,1,3513
BRDA:159,15,0,1579
BRDA:159,15,1,259
BRDA:177,16,0,3
BRDA:177,16,1,37
BRDA:193,17,0,278
BRDA:193,17,1,2
BRDA:219,18,0,11
BRDA:219,18,1,4
BRDA:224,19,0,0
BRDA:224,19,1,4
BRDA:230,20,0,4
BRDA:230,20,1,7
BRDA:237,21,0,5
BRDA:237,21,1,2
BRDA:237,22,0,7
BRDA:237,22,1,3
BRDA:242,23,0,4
BRDA:242,23,1,0
BRDA:254,24,0,1
BRDA:254,24,1,1
BRDA:292,25,0,0
BRDA:292,25,1,0
BRDA:307,26,0,0
BRDA:307,26,1,0
BRDA:309,27,0,0
BRDA:309,27,1,0
BRF:52
BRH:37
end_of_record
TN:
SF:src\core\algorithms\feedback\feedback-updater.ts
FN:4,(anonymous_0)
FNF:1
FNH:1
FNDA:1,(anonymous_0)
DA:1,2
DA:3,2
DA:5,1
DA:6,0
DA:9,1
DA:10,1
DA:12,1
LF:7
LH:6
BRDA:5,0,0,0
BRDA:5,0,1,1
BRDA:5,1,0,1
BRDA:5,1,1,1
BRDA:5,1,2,1
BRDA:9,2,0,1
BRDA:9,2,1,1
BRF:7
BRH:6
end_of_record
TN:
SF:src\core\algorithms\filters\eligibility.filter.ts
FN:9,(anonymous_0)
FN:25,(anonymous_1)
FN:34,(anonymous_2)
FN:36,(anonymous_3)
FN:37,(anonymous_4)
FN:40,(anonymous_5)
FN:48,(anonymous_6)
FN:57,(anonymous_7)
FN:61,(anonymous_8)
FN:65,(anonymous_9)
FN:67,(anonymous_10)
FNF:11
FNH:9
FNDA:5,(anonymous_0)
FNDA:2693,(anonymous_1)
FNDA:2698,(anonymous_2)
FNDA:2698,(anonymous_3)
FNDA:2699,(anonymous_4)
FNDA:2695,(anonymous_5)
FNDA:2693,(anonymous_6)
FNDA:2692,(anonymous_7)
FNDA:6204,(anonymous_8)
FNDA:0,(anonymous_9)
FNDA:0,(anonymous_10)
DA:8,2
DA:10,5
DA:11,1
DA:13,4
DA:14,1
DA:16,3
DA:17,1
DA:19,2
DA:20,0
DA:22,2
DA:26,2693
DA:35,2698
DA:36,2698
DA:37,2699
DA:42,2695
DA:43,0
DA:45,2695
DA:50,2693
DA:51,1
DA:53,2692
DA:54,0
DA:56,2692
DA:57,2692
DA:62,6204
DA:67,0
LF:25
LH:21
BRDA:10,0,0,1
BRDA:10,0,1,4
BRDA:13,1,0,1
BRDA:13,1,1,3
BRDA:16,2,0,1
BRDA:16,2,1,2
BRDA:19,3,0,0
BRDA:19,3,1,2
BRDA:27,4,0,2693
BRDA:27,4,1,2691
BRDA:27,4,2,2690
BRDA:27,4,3,2689
BRDA:35,5,0,2698
BRDA:35,5,1,0
BRDA:42,6,0,0
BRDA:42,6,1,2695
BRDA:42,7,0,2695
BRDA:42,7,1,2695
BRDA:50,8,0,1
BRDA:50,8,1,2692
BRDA:53,9,0,0
BRDA:53,9,1,2692
BRDA:62,10,0,6204
BRDA:62,10,1,6202
BRF:24
BRH:20
end_of_record
TN:
SF:src\core\algorithms\ranking\top-k-ranker.ts
FN:12,(anonymous_0)
FN:17,(anonymous_1)
FN:23,(anonymous_2)
FN:28,(anonymous_3)
FN:49,(anonymous_4)
FN:55,(anonymous_5)
FN:60,(anonymous_6)
FNF:7
FNH:4
FNDA:1,(anonymous_0)
FNDA:1,(anonymous_1)
FNDA:2,(anonymous_2)
FNDA:1,(anonymous_3)
FNDA:0,(anonymous_4)
FNDA:0,(anonymous_5)
FNDA:0,(anonymous_6)
DA:2,2
DA:3,2
DA:11,2
DA:13,1
DA:14,1
DA:18,1
DA:19,0
DA:22,1
DA:23,2
DA:29,1
DA:30,1
DA:32,1
DA:34,1
DA:35,0
DA:38,1
DA:40,1
DA:41,0
DA:44,1
DA:50,0
DA:51,0
DA:54,0
DA:55,0
DA:61,0
DA:62,0
DA:64,0
DA:66,0
DA:67,0
DA:70,0
LF:28
LH:15
BRDA:13,0,0,1
BRDA:14,1,0,1
BRDA:18,2,0,0
BRDA:18,2,1,1
BRDA:29,3,0,0
BRDA:29,3,1,1
BRDA:29,4,0,1
BRDA:29,4,1,1
BRDA:30,5,0,0
BRDA:30,5,1,1
BRDA:30,6,0,1
BRDA:30,6,1,0
BRDA:34,7,0,0
BRDA:34,7,1,1
BRDA:40,8,0,0
BRDA:40,8,1,1
BRDA:50,9,0,0
BRDA:50,9,1,0
BRDA:61,10,0,0
BRDA:61,10,1,0
BRDA:61,11,0,0
BRDA:61,11,1,0
BRDA:62,12,0,0
BRDA:62,12,1,0
BRDA:62,13,0,0
BRDA:62,13,1,0
BRDA:66,14,0,0
BRDA:66,14,1,0
BRF:28
BRH:10
end_of_record
TN:
SF:src\core\algorithms\scorers\academic.scorer.ts
FN:18,(anonymous_0)
FN:36,(anonymous_1)
FN:43,(anonymous_2)
FN:49,(anonymous_3)
FN:51,(anonymous_4)
FN:52,(anonymous_5)
FN:65,(anonymous_6)
FN:67,(anonymous_7)
FN:75,(anonymous_8)
FNF:9
FNH:9
FNDA:2687,(anonymous_0)
FNDA:2691,(anonymous_1)
FNDA:2689,(anonymous_2)
FNDA:2687,(anonymous_3)
FNDA:2687,(anonymous_4)
FNDA:2687,(anonymous_5)
FNDA:2687,(anonymous_6)
FNDA:2687,(anonymous_7)
FNDA:2688,(anonymous_8)
DA:1,2
DA:17,2
DA:21,2687
DA:22,2687
DA:23,2687
DA:25,2687
DA:38,2691
DA:39,2
DA:42,2689
DA:43,2689
DA:46,2689
DA:50,2687
DA:51,2687
DA:52,2687
DA:54,2687
DA:55,0
DA:58,2687
DA:59,0
DA:62,2687
DA:66,2687
DA:68,2687
DA:72,2687
DA:76,2688
DA:77,2688
DA:79,2688
LF:25
LH:23
BRDA:38,0,0,2
BRDA:38,0,1,2689
BRDA:38,1,0,2691
BRDA:38,1,1,2690
BRDA:46,2,0,2687
BRDA:46,2,1,2
BRDA:50,3,0,2687
BRDA:50,3,1,0
BRDA:54,4,0,0
BRDA:54,4,1,2687
BRDA:58,5,0,0
BRDA:58,5,1,2687
BRDA:58,6,0,2687
BRDA:58,6,1,2687
BRDA:62,7,0,2687
BRDA:62,7,1,0
BRDA:77,8,0,2688
BRDA:77,8,1,1
BRF:18
BRH:14
end_of_record
TN:
SF:src\core\algorithms\scorers\composite.scorer.ts
FN:14,(anonymous_0)
FN:23,(anonymous_1)
FN:29,(anonymous_2)
FN:60,(anonymous_3)
FN:69,(anonymous_4)
FN:81,(anonymous_5)
FNF:6
FNH:5
FNDA:46,(anonymous_0)
FNDA:563,(anonymous_1)
FNDA:2684,(anonymous_2)
FNDA:0,(anonymous_3)
FNDA:2675,(anonymous_4)
FNDA:263,(anonymous_5)
DA:1,2
DA:8,2
DA:9,2
DA:10,2
DA:11,2
DA:13,2
DA:15,46
DA:16,46
DA:17,46
DA:18,46
DA:24,563
DA:30,2684
DA:31,2684
DA:32,2684
DA:33,2684
DA:34,2684
DA:36,2684
DA:41,2684
DA:61,0
DA:62,0
DA:70,2675
DA:86,263
DA:88,263
DA:93,263
LF:24
LH:22
BRDA:15,0,0,46
BRDA:16,1,0,46
BRDA:17,2,0,46
BRDA:18,3,0,46
BRDA:30,4,0,2684
BRDA:30,4,1,9
BRDA:61,5,0,0
BRDA:61,5,1,0
BRF:8
BRH:6
end_of_record
TN:
SF:src\core\algorithms\scorers\fairness.scorer.ts
FN:4,(anonymous_0)
FNF:1
FNH:1
FNDA:7440,(anonymous_0)
DA:3,2
DA:5,7440
DA:6,4
DA:9,7436
DA:10,7436
DA:13,7436
LF:6
LH:6
BRDA:5,0,0,4
BRDA:5,0,1,7436
BRDA:5,1,0,7440
BRDA:5,1,1,7438
BRDA:10,2,0,5628
BRDA:10,2,1,1808
BRF:6
BRH:6
end_of_record
TN:
SF:src\core\algorithms\scorers\preference.scorer.ts
FN:13,(anonymous_0)
FN:33,(anonymous_1)
FN:37,(anonymous_2)
FN:55,(anonymous_3)
FN:60,(anonymous_4)
FN:74,(anonymous_5)
FN:82,(anonymous_6)
FN:90,(anonymous_7)
FNF:8
FNH:8
FNDA:2686,(anonymous_0)
FNDA:2689,(anonymous_1)
FNDA:2693,(anonymous_2)
FNDA:5386,(anonymous_3)
FNDA:2690,(anonymous_4)
FNDA:2689,(anonymous_5)
FNDA:2689,(anonymous_6)
FNDA:2689,(anonymous_7)
DA:1,2
DA:3,2
DA:12,2
DA:18,2686
DA:19,2686
DA:20,2686
DA:22,2686
DA:34,2689
DA:41,2693
DA:42,2693
DA:44,2693
DA:45,2668
DA:48,25
DA:49,1
DA:52,24
DA:56,5386
DA:57,5386
DA:61,2690
DA:62,2686
DA:65,4
DA:66,1
DA:69,3
DA:75,2689
DA:83,2689
DA:91,2689
DA:92,2
DA:95,2687
DA:96,2687
DA:99,0
LF:29
LH:28
BRDA:44,0,0,2668
BRDA:44,0,1,25
BRDA:48,1,0,1
BRDA:48,1,1,24
BRDA:49,2,0,1
BRDA:49,2,1,0
BRDA:56,3,0,5386
BRDA:56,3,1,0
BRDA:57,4,0,5386
BRDA:57,4,1,0
BRDA:61,5,0,2686
BRDA:61,5,1,4
BRDA:65,6,0,1
BRDA:65,6,1,3
BRDA:65,7,0,4
BRDA:65,7,1,4
BRDA:69,8,0,1
BRDA:69,8,1,2
BRDA:91,9,0,2
BRDA:91,9,1,2687
BRDA:95,10,0,2687
BRDA:95,10,1,0
BRF:22
BRH:18
end_of_record
TN:
SF:src\core\algorithms\scorers\schedule.scorer.ts
FN:5,(anonymous_0)
FN:7,(anonymous_1)
FN:20,(anonymous_2)
FN:21,(anonymous_3)
FNF:4
FNH:4
FNDA:2687,(anonymous_0)
FNDA:2686,(anonymous_1)
FNDA:2686,(anonymous_2)
FNDA:2687,(anonymous_3)
DA:2,2
DA:4,2
DA:6,2687
DA:7,2686
DA:11,2687
DA:12,1
DA:19,2686
DA:21,2686
DA:22,2687
DA:23,2687
DA:27,2686
DA:32,2686
LF:12
LH:12
BRDA:11,0,0,1
BRDA:11,0,1,2686
BRDA:23,1,0,2687
BRDA:23,1,1,0
BRF:4
BRH:3
end_of_record
TN:
SF:src\core\algorithms\utils\max-heap.ts
FN:10,(anonymous_0)
FN:14,(anonymous_1)
FN:19,(anonymous_2)
FN:35,(anonymous_3)
FN:50,(anonymous_4)
FN:81,(anonymous_5)
FNF:6
FNH:6
FNDA:4278,(anonymous_0)
FNDA:4236,(anonymous_1)
FNDA:4238,(anonymous_2)
FNDA:4236,(anonymous_3)
FNDA:4192,(anonymous_4)
FNDA:21154,(anonymous_5)
DA:7,2
DA:8,46
DA:11,4278
DA:15,4236
DA:16,4236
DA:20,4238
DA:21,2
DA:24,4236
DA:25,4236
DA:27,4236
DA:28,4192
DA:29,4192
DA:32,4236
DA:36,4236
DA:38,4236
DA:39,7006
DA:41,7006
DA:42,3991
DA:45,3015
DA:46,3015
DA:51,4192
DA:53,4192
DA:54,22331
DA:55,22331
DA:56,22331
DA:58,22331
DA:62,17564
DA:65,22331
DA:69,8468
DA:72,22331
DA:73,4192
DA:76,18139
DA:77,18139
DA:82,21154
DA:83,21154
DA:84,21154
LF:36
LH:36
BRDA:20,0,0,2
BRDA:20,0,1,4236
BRDA:27,1,0,4192
BRDA:27,1,1,44
BRDA:27,2,0,4236
BRDA:27,2,1,4192
BRDA:41,3,0,3991
BRDA:41,3,1,3015
BRDA:58,4,0,17564
BRDA:58,4,1,4767
BRDA:59,5,0,22331
BRDA:59,5,1,18690
BRDA:65,6,0,8468
BRDA:65,6,1,13863
BRDA:66,7,0,22331
BRDA:66,7,1,18462
BRDA:72,8,0,4192
BRDA:72,8,1,18139
BRF:18
BRH:18
end_of_record
TN:
SF:src\core\algorithms\utils\vector-math.ts
FN:1,dot
FN:2,(anonymous_1)
FN:5,magnitude
FN:6,(anonymous_3)
FN:9,cosineSimilarity
FN:20,oneHot
FN:21,(anonymous_6)
FNF:7
FNH:7
FNDA:2694,dot
FNDA:18836,(anonymous_1)
FNDA:5392,magnitude
FNDA:37683,(anonymous_3)
FNDA:2695,cosineSimilarity
FNDA:16136,oneHot
FNDA:37652,(anonymous_6)
DA:1,2
DA:2,18836
DA:5,2
DA:6,37683
DA:9,2
DA:10,2695
DA:11,2695
DA:13,2695
DA:14,3
DA:17,2692
DA:20,2
DA:21,37652
LF:12
LH:12
BRDA:2,0,0,18836
BRDA:2,0,1,0
BRDA:13,1,0,3
BRDA:13,1,1,2692
BRDA:13,2,0,2695
BRDA:13,2,1,2693
BRDA:21,3,0,16135
BRDA:21,3,1,21517
BRF:8
BRH:7
end_of_record
TN:
SF:src\core\constants\defaults.ts
FNF:0
FNH:0
DA:7,2
DA:10,2
DA:13,2
DA:16,2
DA:19,2
DA:22,2
DA:25,2
DA:28,2
DA:31,2
DA:34,2
LF:10
LH:10
BRF:0
BRH:0
end_of_record
TN:
SF:src\core\constants\index.ts
FN:3,(anonymous_0)
FN:4,(anonymous_1)
FN:5,(anonymous_2)
FN:6,(anonymous_3)
FN:7,(anonymous_4)
FN:8,(anonymous_5)
FN:9,(anonymous_6)
FN:10,(anonymous_7)
FN:11,(anonymous_8)
FN:12,(anonymous_9)
FNF:10
FNH:10
FNDA:1132,(anonymous_0)
FNDA:3,(anonymous_1)
FNDA:2,(anonymous_2)
FNDA:5376,(anonymous_3)
FNDA:2688,(anonymous_4)
FNDA:2,(anonymous_5)
FNDA:1,(anonymous_6)
FNDA:2687,(anonymous_7)
FNDA:2,(anonymous_8)
FNDA:1706,(anonymous_9)
DA:2,2
DA:3,1134
DA:4,5
DA:5,4
DA:6,5378
DA:7,2690
DA:8,4
DA:9,3
DA:10,2689
DA:11,4
DA:12,1708
LF:11
LH:11
BRF:0
BRH:0
end_of_record
TN:
SF:src\core\engine\index.ts
FN:1,(anonymous_0)
FNF:1
FNH:1
FNDA:1,(anonymous_0)
DA:1,2
LF:1
LH:1
BRF:0
BRH:0
end_of_record
TN:
SF:src\core\engine\matching-engine.ts
FN:10,(anonymous_0)
FN:15,(anonymous_1)
FN:19,(anonymous_2)
FN:23,(anonymous_3)
FN:27,(anonymous_4)
FNF:5
FNH:2
FNDA:1,(anonymous_0)
FNDA:0,(anonymous_1)
FNDA:1,(anonymous_2)
FNDA:0,(anonymous_3)
FNDA:0,(anonymous_4)
DA:2,1
DA:9,1
DA:11,1
DA:12,1
DA:16,0
DA:20,1
DA:24,0
DA:32,0
LF:8
LH:5
BRDA:11,0,0,1
BRDA:12,1,0,1
BRF:2
BRH:2
end_of_record
TN:
SF:src\core\entities\algorithm-weights.vo.ts
FN:35,(anonymous_0)
FN:53,(anonymous_1)
FN:57,(anonymous_2)
FN:91,(anonymous_3)
FN:92,(anonymous_4)
FN:96,(anonymous_5)
FNF:6
FNH:6
FNDA:567,(anonymous_0)
FNDA:3,(anonymous_1)
FNDA:566,(anonymous_2)
FNDA:1701,(anonymous_3)
FNDA:5670,(anonymous_4)
FNDA:5670,(anonymous_5)
DA:1,2
DA:2,2
DA:22,2
DA:36,567
DA:42,567
DA:43,567
DA:45,567
DA:46,567
DA:47,567
DA:48,567
DA:49,567
DA:50,567
DA:54,3
DA:58,566
DA:59,566
DA:65,566
DA:67,566
DA:92,5670
DA:93,0
DA:96,5670
DA:98,1701
DA:99,0
LF:22
LH:20
BRDA:74,0,0,0
BRDA:74,0,1,566
BRDA:79,1,0,0
BRDA:79,1,1,566
BRDA:84,2,0,0
BRDA:84,2,1,566
BRDA:85,3,0,0
BRDA:85,3,1,566
BRDA:86,4,0,0
BRDA:86,4,1,566
BRDA:92,5,0,0
BRDA:92,5,1,1701
BRDA:92,6,0,5670
BRDA:92,6,1,5670
BRDA:98,7,0,0
BRDA:98,7,1,1701
BRF:16
BRH:9
end_of_record
TN:
SF:src\core\entities\availability-slot.vo.ts
FN:7,(anonymous_0)
FN:20,(anonymous_1)
FN:24,(anonymous_2)
FN:35,(anonymous_3)
FNF:4
FNH:4
FNDA:3410,(anonymous_0)
FNDA:2687,(anonymous_1)
FNDA:2687,(anonymous_2)
FNDA:8059,(anonymous_3)
DA:2,2
DA:8,3410
DA:9,3410
DA:11,3410
DA:12,0
DA:15,3410
DA:16,0
DA:21,2687
DA:25,2687
DA:26,0
DA:29,2687
DA:36,8059
LF:12
LH:9
BRDA:11,0,0,0
BRDA:11,0,1,3410
BRDA:11,1,0,3410
BRDA:11,1,1,3410
BRDA:15,2,0,0
BRDA:15,2,1,3410
BRDA:21,3,0,2687
BRDA:21,3,1,2687
BRDA:25,4,0,0
BRDA:25,4,1,2687
BRF:10
BRH:7
end_of_record
TN:
SF:src\core\entities\criterion-weights.vo.ts
FN:26,(anonymous_0)
FN:35,(anonymous_1)
FN:46,(anonymous_2)
FN:62,(anonymous_3)
FN:65,(anonymous_4)
FN:69,(anonymous_5)
FN:90,(anonymous_6)
FNF:7
FNH:7
FNDA:1119,(anonymous_0)
FNDA:1114,(anonymous_1)
FNDA:1112,(anonymous_2)
FNDA:6,(anonymous_3)
FNDA:31,(anonymous_4)
FNDA:30,(anonymous_5)
FNDA:1,(anonymous_6)
DA:1,2
DA:13,2
DA:27,1119
DA:28,1119
DA:29,1119
DA:30,1119
DA:31,1119
DA:32,1119
DA:36,1114
DA:47,1112
DA:48,1106
DA:51,6
DA:63,6
DA:65,31
DA:66,1
DA:69,30
DA:71,5
DA:72,0
DA:75,5
DA:76,2
DA:80,3
DA:91,1
LF:22
LH:21
BRDA:47,0,0,1106
BRDA:47,0,1,6
BRDA:52,1,0,6
BRDA:52,1,1,0
BRDA:53,2,0,6
BRDA:53,2,1,1
BRDA:54,3,0,6
BRDA:54,3,1,1
BRDA:56,4,0,6
BRDA:56,4,1,1
BRDA:57,5,0,6
BRDA:57,5,1,1
BRDA:58,6,0,6
BRDA:58,6,1,1
BRDA:65,7,0,1
BRDA:65,7,1,5
BRDA:65,8,0,31
BRDA:65,8,1,30
BRDA:71,9,0,0
BRDA:71,9,1,5
BRDA:75,10,0,2
BRDA:75,10,1,3
BRF:22
BRH:20
end_of_record
TN:
SF:src\core\entities\index.ts
FN:1,(anonymous_0)
FN:4,(anonymous_1)
FN:5,(anonymous_2)
FN:7,(anonymous_3)
FNF:4
FNH:4
FNDA:567,(anonymous_0)
FNDA:723,(anonymous_1)
FNDA:1112,(anonymous_2)
FNDA:2947,(anonymous_3)
DA:1,569
DA:4,725
DA:5,1114
DA:7,2949
LF:4
LH:4
BRF:0
BRH:0
end_of_record
TN:
SF:src\core\entities\match-score.vo.ts
FN:24,(anonymous_0)
FNF:1
FNH:1
FNDA:2947,(anonymous_0)
DA:17,2
DA:29,2947
DA:30,2947
DA:31,2947
LF:4
LH:4
BRF:0
BRH:0
end_of_record
TN:
SF:src\core\enums\assignment-status.enum.ts
FN:2,(anonymous_0)
FNF:1
FNH:1
FNDA:2,(anonymous_0)
DA:2,2
DA:4,2
DA:7,2
DA:10,2
DA:13,2
LF:5
LH:5
BRDA:2,0,0,2
BRDA:2,0,1,2
BRF:2
BRH:2
end_of_record
TN:
SF:src\core\enums\delivery-mode.enum.ts
FN:2,(anonymous_0)
FNF:1
FNH:1
FNDA:2,(anonymous_0)
DA:2,2
DA:4,2
DA:7,2
LF:3
LH:3
BRDA:2,0,0,2
BRDA:2,0,1,2
BRF:2
BRH:2
end_of_record
TN:
SF:src\core\enums\exam-type.enum.ts
FN:5,(anonymous_0)
FNF:1
FNH:1
FNDA:2,(anonymous_0)
DA:5,2
DA:6,2
DA:7,2
DA:8,2
LF:4
LH:4
BRDA:5,0,0,2
BRDA:5,0,1,2
BRF:2
BRH:2
end_of_record
TN:
SF:src\core\enums\format-preference.enum.ts
FN:2,(anonymous_0)
FNF:1
FNH:1
FNDA:2,(anonymous_0)
DA:2,2
DA:4,2
DA:7,2
LF:3
LH:3
BRDA:2,0,0,2
BRDA:2,0,1,2
BRF:2
BRH:2
end_of_record
TN:
SF:src\core\enums\index.ts
FN:2,(anonymous_0)
FN:3,(anonymous_1)
FN:4,(anonymous_2)
FN:5,(anonymous_3)
FN:6,(anonymous_4)
FN:7,(anonymous_5)
FNF:6
FNH:5
FNDA:551,(anonymous_0)
FNDA:8879,(anonymous_1)
FNDA:0,(anonymous_2)
FNDA:6185,(anonymous_3)
FNDA:8649,(anonymous_4)
FNDA:5601,(anonymous_5)
DA:2,553
DA:3,8881
DA:4,2
DA:5,6187
DA:6,8651
DA:7,5603
LF:6
LH:6
BRF:0
BRH:0
end_of_record
TN:
SF:src\core\enums\learning-style.enum.ts
FN:2,(anonymous_0)
FNF:1
FNH:1
FNDA:2,(anonymous_0)
DA:2,2
DA:4,2
DA:7,2
DA:10,2
LF:4
LH:4
BRDA:2,0,0,2
BRDA:2,0,1,2
BRF:2
BRH:2
end_of_record
TN:
SF:src\core\enums\teaching-style.enum.ts
FN:2,(anonymous_0)
FNF:1
FNH:1
FNDA:2,(anonymous_0)
DA:2,2
DA:4,2
DA:7,2
LF:3
LH:3
BRDA:2,0,0,2
BRDA:2,0,1,2
BRF:2
BRH:2
end_of_record
TN:
SF:src\core\exceptions\incomplete-profile.exception.ts
FN:15,(anonymous_0)
FNF:1
FNH:1
FNDA:1,(anonymous_0)
DA:5,2
DA:20,1
DA:24,1
DA:25,1
DA:26,1
DA:27,1
DA:30,1
LF:7
LH:7
BRF:0
BRH:0
end_of_record
TN:
SF:src\core\exceptions\index.ts
FN:2,(anonymous_0)
FN:3,(anonymous_1)
FNF:2
FNH:2
FNDA:2,(anonymous_0)
FNDA:2,(anonymous_1)
DA:2,4
DA:3,4
LF:2
LH:2
BRF:0
BRH:0
end_of_record
TN:
SF:src\core\exceptions\no-eligible-tutors.exception.ts
FN:13,(anonymous_0)
FNF:1
FNH:1
FNDA:2,(anonymous_0)
DA:6,2
DA:14,2
DA:15,2
DA:17,2
DA:18,2
DA:19,2
DA:22,2
LF:7
LH:7
BRDA:14,0,0,2
BRDA:14,0,1,0
BRF:2
BRH:1
end_of_record
